This file contains any messages produced by compilers while
running configure, to aid debugging if configure makes a mistake.

It was created by wolfssl configure 4.7.0, which was
generated by GNU Autoconf 2.69.  Invocation command line was

  $ ./configure --enable-sha512 --enable-tls13

## --------- ##
## Platform. ##
## --------- ##

hostname = ubuntu
uname -m = x86_64
uname -r = 5.4.0-77-generic
uname -s = Linux
uname -v = #86~18.04.1-Ubuntu SMP Fri Jun 18 01:23:22 UTC 2021

/usr/bin/uname -p = unknown
/bin/uname -X     = unknown

/bin/arch              = unknown
/usr/bin/arch -k       = unknown
/usr/convex/getsysinfo = unknown
/usr/bin/hostinfo      = unknown
/bin/machine           = unknown
/usr/bin/oslevel       = unknown
/bin/universe          = unknown

PATH: /usr/local/sbin
PATH: /usr/local/bin
PATH: /usr/sbin
PATH: /usr/bin
PATH: /sbin
PATH: /bin
PATH: /snap/bin


## ----------- ##
## Core tests. ##
## ----------- ##

configure:3505: checking for gcc
configure:3521: found /usr/bin/gcc
configure:3532: result: gcc
configure:3761: checking for C compiler version
configure:3770: gcc --version >&5
gcc (Ubuntu 7.5.0-3ubuntu1~18.04) 7.5.0
Copyright (C) 2017 Free Software Foundation, Inc.
This is free software; see the source for copying conditions.  There is NO
warranty; not even for MERCHANTABILITY or FITNESS FOR A PARTICULAR PURPOSE.

configure:3781: $? = 0
configure:3770: gcc -v >&5
Using built-in specs.
COLLECT_GCC=gcc
COLLECT_LTO_WRAPPER=/usr/lib/gcc/x86_64-linux-gnu/7/lto-wrapper
OFFLOAD_TARGET_NAMES=nvptx-none
OFFLOAD_TARGET_DEFAULT=1
Target: x86_64-linux-gnu
Configured with: ../src/configure -v --with-pkgversion='Ubuntu 7.5.0-3ubuntu1~18.04' --with-bugurl=file:///usr/share/doc/gcc-7/README.Bugs --enable-languages=c,ada,c++,go,brig,d,fortran,objc,obj-c++ --prefix=/usr --with-gcc-major-version-only --program-suffix=-7 --program-prefix=x86_64-linux-gnu- --enable-shared --enable-linker-build-id --libexecdir=/usr/lib --without-included-gettext --enable-threads=posix --libdir=/usr/lib --enable-nls --enable-bootstrap --enable-clocale=gnu --enable-libstdcxx-debug --enable-libstdcxx-time=yes --with-default-libstdcxx-abi=new --enable-gnu-unique-object --disable-vtable-verify --enable-libmpx --enable-plugin --enable-default-pie --with-system-zlib --with-target-system-zlib --enable-objc-gc=auto --enable-multiarch --disable-werror --with-arch-32=i686 --with-abi=m64 --with-multilib-list=m32,m64,mx32 --enable-multilib --with-tune=generic --enable-offload-targets=nvptx-none --without-cuda-driver --enable-checking=release --build=x86_64-linux-gnu --host=x86_64-linux-gnu --target=x86_64-linux-gnu
Thread model: posix
gcc version 7.5.0 (Ubuntu 7.5.0-3ubuntu1~18.04) 
configure:3781: $? = 0
configure:3770: gcc -V >&5
gcc: error: unrecognized command line option '-V'
gcc: fatal error: no input files
compilation terminated.
configure:3781: $? = 1
configure:3770: gcc -qversion >&5
gcc: error: unrecognized command line option '-qversion'; did you mean '--version'?
gcc: fatal error: no input files
compilation terminated.
configure:3781: $? = 1
configure:3801: checking whether the C compiler works
configure:3823: gcc    conftest.c  >&5
configure:3827: $? = 0
configure:3875: result: yes
configure:3878: checking for C compiler default output file name
configure:3880: result: a.out
configure:3886: checking for suffix of executables
configure:3893: gcc -o conftest    conftest.c  >&5
configure:3897: $? = 0
configure:3919: result: 
configure:3941: checking whether we are cross compiling
configure:3949: gcc -o conftest    conftest.c  >&5
configure:3953: $? = 0
configure:3960: ./conftest
configure:3964: $? = 0
configure:3979: result: no
configure:3984: checking for suffix of object files
configure:4006: gcc -c   conftest.c >&5
configure:4010: $? = 0
configure:4031: result: o
configure:4035: checking whether we are using the GNU C compiler
configure:4054: gcc -c   conftest.c >&5
configure:4054: $? = 0
configure:4063: result: yes
configure:4072: checking whether gcc accepts -g
configure:4092: gcc -c -g  conftest.c >&5
configure:4092: $? = 0
configure:4133: result: yes
configure:4150: checking for gcc option to accept ISO C89
configure:4213: gcc  -c   conftest.c >&5
configure:4213: $? = 0
configure:4226: result: none needed
configure:4254: checking whether gcc understands -c and -o together
configure:4276: gcc -c conftest.c -o conftest2.o
configure:4279: $? = 0
configure:4276: gcc -c conftest.c -o conftest2.o
configure:4279: $? = 0
configure:4291: result: yes
configure:4313: checking build system type
configure:4327: result: x86_64-pc-linux-gnu
configure:4347: checking host system type
configure:4360: result: x86_64-pc-linux-gnu
configure:4398: checking for a BSD-compatible install
configure:4466: result: /usr/bin/install -c
configure:4477: checking whether build environment is sane
configure:4532: result: yes
configure:4680: checking for a thread-safe mkdir -p
configure:4719: result: /bin/mkdir -p
configure:4726: checking for gawk
configure:4756: result: no
configure:4726: checking for mawk
configure:4742: found /usr/bin/mawk
configure:4753: result: mawk
configure:4764: checking whether make sets $(MAKE)
configure:4786: result: yes
configure:4816: checking for style of include used by make
configure:4844: result: GNU
configure:4878: checking whether make supports nested variables
configure:4895: result: yes
configure:4975: checking whether UID '0' is supported by ustar format
configure:4978: result: yes
configure:4985: checking whether GID '0' is supported by ustar format
configure:4988: result: yes
configure:4996: checking how to create a ustar tar archive
configure:5007: tar --version
tar (GNU tar) 1.29
Copyright (C) 2015 Free Software Foundation, Inc.
License GPLv3+: GNU GPL version 3 or later <http://gnu.org/licenses/gpl.html>.
This is free software: you are free to change and redistribute it.
There is NO WARRANTY, to the extent permitted by law.

Written by John Gilmore and Jay Fenlason.
configure:5010: $? = 0
configure:5050: tardir=conftest.dir && eval tar --format=ustar -chf - "$tardir" >conftest.tar
configure:5053: $? = 0
configure:5057: tar -xf - <conftest.tar
configure:5060: $? = 0
configure:5062: cat conftest.dir/file
GrepMe
configure:5065: $? = 0
configure:5078: result: gnutar
configure:5087: checking dependency style of gcc
configure:5198: result: gcc3
configure:5267: checking whether make supports nested variables
configure:5284: result: yes
configure:5348: checking how to print strings
configure:5375: result: printf
configure:5396: checking for a sed that does not truncate output
configure:5460: result: /bin/sed
configure:5478: checking for grep that handles long lines and -e
configure:5536: result: /bin/grep
configure:5541: checking for egrep
configure:5603: result: /bin/grep -E
configure:5608: checking for fgrep
configure:5670: result: /bin/grep -F
configure:5705: checking for ld used by gcc
configure:5772: result: /usr/bin/ld
configure:5779: checking if the linker (/usr/bin/ld) is GNU ld
configure:5794: result: yes
configure:5806: checking for BSD- or MS-compatible name lister (nm)
configure:5860: result: /usr/bin/nm -B
configure:5990: checking the name lister (/usr/bin/nm -B) interface
configure:5997: gcc -c   conftest.c >&5
configure:6000: /usr/bin/nm -B "conftest.o"
configure:6003: output
0000000000000000 B some_variable
configure:6010: result: BSD nm
configure:6013: checking whether ln -s works
configure:6017: result: yes
configure:6025: checking the maximum length of command line arguments
configure:6156: result: 1572864
configure:6204: checking how to convert x86_64-pc-linux-gnu file names to x86_64-pc-linux-gnu format
configure:6244: result: func_convert_file_noop
configure:6251: checking how to convert x86_64-pc-linux-gnu file names to toolchain format
configure:6271: result: func_convert_file_noop
configure:6278: checking for /usr/bin/ld option to reload object files
configure:6285: result: -r
configure:6359: checking for objdump
configure:6375: found /usr/bin/objdump
configure:6386: result: objdump
configure:6415: checking how to recognize dependent libraries
configure:6615: result: pass_all
configure:6700: checking for dlltool
configure:6730: result: no
configure:6757: checking how to associate runtime and link libraries
configure:6784: result: printf %s\n
configure:6845: checking for ar
configure:6861: found /usr/bin/ar
configure:6872: result: ar
configure:6909: checking for archiver @FILE support
configure:6926: gcc -c   conftest.c >&5
configure:6926: $? = 0
configure:6929: ar Ucru libconftest.a @conftest.lst >&5
configure:6932: $? = 0
configure:6937: ar Ucru libconftest.a @conftest.lst >&5
ar: conftest.o: No such file or directory
configure:6940: $? = 1
configure:6952: result: @
configure:7010: checking for strip
configure:7026: found /usr/bin/strip
configure:7037: result: strip
configure:7109: checking for ranlib
configure:7125: found /usr/bin/ranlib
configure:7136: result: ranlib
configure:7238: checking command to parse /usr/bin/nm -B output from gcc object
configure:7391: gcc -c   conftest.c >&5
configure:7394: $? = 0
configure:7398: /usr/bin/nm -B conftest.o \| sed -n -e 's/^.*[ ]\([ABCDGIRSTW][ABCDGIRSTW]*\)[ ][ ]*\([_A-Za-z][_A-Za-z0-9]*\)$/\1 \2 \2/p' | sed '/ __gnu_lto/d' \> conftest.nm
configure:7401: $? = 0
configure:7467: gcc -o conftest    conftest.c conftstm.o >&5
configure:7470: $? = 0
configure:7508: result: ok
configure:7555: checking for sysroot
configure:7585: result: no
configure:7592: checking for a working dd
configure:7630: result: /bin/dd
configure:7634: checking how to truncate binary pipes
configure:7649: result: /bin/dd bs=4096 count=1
configure:7785: gcc -c   conftest.c >&5
configure:7788: $? = 0
configure:7978: checking for mt
configure:7994: found /bin/mt
configure:8005: result: mt
configure:8028: checking if mt is a manifest tool
configure:8034: mt '-?'
configure:8042: result: no
configure:8719: checking how to run the C preprocessor
configure:8750: gcc -E  conftest.c
configure:8750: $? = 0
configure:8764: gcc -E  conftest.c
conftest.c:9:10: fatal error: ac_nonexistent.h: No such file or directory
 #include <ac_nonexistent.h>
          ^~~~~~~~~~~~~~~~~~
compilation terminated.
configure:8764: $? = 1
configure: failed program was:
| /* confdefs.h */
| #define PACKAGE_NAME "wolfssl"
| #define PACKAGE_TARNAME "wolfssl"
| #define PACKAGE_VERSION "4.7.0"
| #define PACKAGE_STRING "wolfssl 4.7.0"
| #define PACKAGE_BUGREPORT "https://github.com/wolfssl/wolfssl/issues"
| #define PACKAGE_URL "https://www.wolfssl.com"
| /* end confdefs.h.  */
| #include <ac_nonexistent.h>
configure:8789: result: gcc -E
configure:8809: gcc -E  conftest.c
configure:8809: $? = 0
configure:8823: gcc -E  conftest.c
conftest.c:9:10: fatal error: ac_nonexistent.h: No such file or directory
 #include <ac_nonexistent.h>
          ^~~~~~~~~~~~~~~~~~
compilation terminated.
configure:8823: $? = 1
configure: failed program was:
| /* confdefs.h */
| #define PACKAGE_NAME "wolfssl"
| #define PACKAGE_TARNAME "wolfssl"
| #define PACKAGE_VERSION "4.7.0"
| #define PACKAGE_STRING "wolfssl 4.7.0"
| #define PACKAGE_BUGREPORT "https://github.com/wolfssl/wolfssl/issues"
| #define PACKAGE_URL "https://www.wolfssl.com"
| /* end confdefs.h.  */
| #include <ac_nonexistent.h>
configure:8852: checking for ANSI C header files
configure:8872: gcc -c   conftest.c >&5
configure:8872: $? = 0
configure:8945: gcc -o conftest    conftest.c  >&5
configure:8945: $? = 0
configure:8945: ./conftest
configure:8945: $? = 0
configure:8956: result: yes
configure:8969: checking for sys/types.h
configure:8969: gcc -c   conftest.c >&5
configure:8969: $? = 0
configure:8969: result: yes
configure:8969: checking for sys/stat.h
configure:8969: gcc -c   conftest.c >&5
configure:8969: $? = 0
configure:8969: result: yes
configure:8969: checking for stdlib.h
configure:8969: gcc -c   conftest.c >&5
configure:8969: $? = 0
configure:8969: result: yes
configure:8969: checking for string.h
configure:8969: gcc -c   conftest.c >&5
configure:8969: $? = 0
configure:8969: result: yes
configure:8969: checking for memory.h
configure:8969: gcc -c   conftest.c >&5
configure:8969: $? = 0
configure:8969: result: yes
configure:8969: checking for strings.h
configure:8969: gcc -c   conftest.c >&5
configure:8969: $? = 0
configure:8969: result: yes
configure:8969: checking for inttypes.h
configure:8969: gcc -c   conftest.c >&5
configure:8969: $? = 0
configure:8969: result: yes
configure:8969: checking for stdint.h
configure:8969: gcc -c   conftest.c >&5
configure:8969: $? = 0
configure:8969: result: yes
configure:8969: checking for unistd.h
configure:8969: gcc -c   conftest.c >&5
configure:8969: $? = 0
configure:8969: result: yes
configure:8983: checking for dlfcn.h
configure:8983: gcc -c   conftest.c >&5
configure:8983: $? = 0
configure:8983: result: yes
configure:9536: checking for objdir
configure:9551: result: .libs
configure:9815: checking if gcc supports -fno-rtti -fno-exceptions
configure:9833: gcc -c   -fno-rtti -fno-exceptions conftest.c >&5
cc1: warning: command line option '-fno-rtti' is valid for C++/ObjC++ but not for C
configure:9837: $? = 0
configure:9850: result: no
configure:10208: checking for gcc option to produce PIC
configure:10215: result: -fPIC -DPIC
configure:10223: checking if gcc PIC flag -fPIC -DPIC works
configure:10241: gcc -c   -fPIC -DPIC -DPIC conftest.c >&5
configure:10245: $? = 0
configure:10258: result: yes
configure:10287: checking if gcc static flag -static works
configure:10315: result: yes
configure:10330: checking if gcc supports -c -o file.o
configure:10351: gcc -c   -o out/conftest2.o conftest.c >&5
configure:10355: $? = 0
configure:10377: result: yes
configure:10385: checking if gcc supports -c -o file.o
configure:10432: result: yes
configure:10465: checking whether the gcc linker (/usr/bin/ld -m elf_x86_64) supports shared libraries
configure:11728: result: yes
configure:11765: checking whether -lc should be explicitly linked in
configure:11773: gcc -c   conftest.c >&5
configure:11776: $? = 0
configure:11791: gcc -shared  -fPIC -DPIC conftest.o  -v -Wl,-soname -Wl,conftest -o conftest 2\>\&1 \| /bin/grep  -lc  \>/dev/null 2\>\&1
configure:11794: $? = 0
configure:11808: result: no
configure:11968: checking dynamic linker characteristics
configure:12549: gcc -o conftest    -Wl,-rpath -Wl,/foo conftest.c  >&5
configure:12549: $? = 0
configure:12798: result: GNU/Linux ld.so
configure:12920: checking how to hardcode library paths into programs
configure:12945: result: immediate
configure:13493: checking whether stripping libraries is possible
configure:13498: result: yes
configure:13533: checking if libtool supports shared libraries
configure:13535: result: yes
configure:13538: checking whether to build shared libraries
configure:13563: result: yes
configure:13566: checking whether to build static libraries
configure:13570: result: no
configure:13633: checking whether the -Werror option is usable
configure:13652: gcc -c    -Werror  conftest.c >&5
configure:13652: $? = 0
configure:13661: result: yes
configure:13663: checking for simple visibility declarations
configure:13690: gcc -c    -fvisibility=hidden -Werror  conftest.c >&5
configure:13690: $? = 0
configure:13699: result: yes
configure:13729: checking size of long long
configure:13734: gcc -o conftest      conftest.c  >&5
configure:13734: $? = 0
configure:13734: ./conftest
configure:13734: $? = 0
configure:13748: result: 8
configure:13762: checking size of long
configure:13767: gcc -o conftest      conftest.c  >&5
configure:13767: $? = 0
configure:13767: ./conftest
configure:13767: $? = 0
configure:13781: result: 8
configure:13795: checking size of time_t
configure:13800: gcc -o conftest      conftest.c  >&5
configure:13800: $? = 0
configure:13800: ./conftest
configure:13800: $? = 0
configure:13814: result: 8
configure:13824: checking for __uint128_t
configure:13824: gcc -c     conftest.c >&5
configure:13824: $? = 0
configure:13824: gcc -c     conftest.c >&5
conftest.c: In function 'main':
conftest.c:61:26: error: expected expression before ')' token
 if (sizeof ((__uint128_t)))
                          ^
configure:13824: $? = 1
configure: failed program was:
| /* confdefs.h */
| #define PACKAGE_NAME "wolfssl"
| #define PACKAGE_TARNAME "wolfssl"
| #define PACKAGE_VERSION "4.7.0"
| #define PACKAGE_STRING "wolfssl 4.7.0"
| #define PACKAGE_BUGREPORT "https://github.com/wolfssl/wolfssl/issues"
| #define PACKAGE_URL "https://www.wolfssl.com"
| #define STDC_HEADERS 1
| #define HAVE_SYS_TYPES_H 1
| #define HAVE_SYS_STAT_H 1
| #define HAVE_STDLIB_H 1
| #define HAVE_STRING_H 1
| #define HAVE_MEMORY_H 1
| #define HAVE_STRINGS_H 1
| #define HAVE_INTTYPES_H 1
| #define HAVE_STDINT_H 1
| #define HAVE_UNISTD_H 1
| #define HAVE_DLFCN_H 1
| #define LT_OBJDIR ".libs/"
| #define HAVE_VISIBILITY 1
| #define SIZEOF_LONG_LONG 8
| #define SIZEOF_LONG 8
| #define SIZEOF_TIME_T 8
| /* end confdefs.h.  */
| #include <stdio.h>
| #ifdef HAVE_SYS_TYPES_H
| # include <sys/types.h>
| #endif
| #ifdef HAVE_SYS_STAT_H
| # include <sys/stat.h>
| #endif
| #ifdef STDC_HEADERS
| # include <stdlib.h>
| # include <stddef.h>
| #else
| # ifdef HAVE_STDLIB_H
| #  include <stdlib.h>
| # endif
| #endif
| #ifdef HAVE_STRING_H
| # if !defined STDC_HEADERS && defined HAVE_MEMORY_H
| #  include <memory.h>
| # endif
| # include <string.h>
| #endif
| #ifdef HAVE_STRINGS_H
| # include <strings.h>
| #endif
| #ifdef HAVE_INTTYPES_H
| # include <inttypes.h>
| #endif
| #ifdef HAVE_STDINT_H
| # include <stdint.h>
| #endif
| #ifdef HAVE_UNISTD_H
| # include <unistd.h>
| #endif
| int
| main ()
| {
| if (sizeof ((__uint128_t)))
| 	    return 0;
|   ;
|   return 0;
| }
configure:13824: result: yes
configure:13838: checking arpa/inet.h usability
configure:13838: gcc -c     conftest.c >&5
configure:13838: $? = 0
configure:13838: result: yes
configure:13838: checking arpa/inet.h presence
configure:13838: gcc -E  conftest.c
configure:13838: $? = 0
configure:13838: result: yes
configure:13838: checking for arpa/inet.h
configure:13838: result: yes
configure:13838: checking fcntl.h usability
configure:13838: gcc -c     conftest.c >&5
configure:13838: $? = 0
configure:13838: result: yes
configure:13838: checking fcntl.h presence
configure:13838: gcc -E  conftest.c
configure:13838: $? = 0
configure:13838: result: yes
configure:13838: checking for fcntl.h
configure:13838: result: yes
configure:13838: checking limits.h usability
configure:13838: gcc -c     conftest.c >&5
configure:13838: $? = 0
configure:13838: result: yes
configure:13838: checking limits.h presence
configure:13838: gcc -E  conftest.c
configure:13838: $? = 0
configure:13838: result: yes
configure:13838: checking for limits.h
configure:13838: result: yes
configure:13838: checking netdb.h usability
configure:13838: gcc -c     conftest.c >&5
configure:13838: $? = 0
configure:13838: result: yes
configure:13838: checking netdb.h presence
configure:13838: gcc -E  conftest.c
configure:13838: $? = 0
configure:13838: result: yes
configure:13838: checking for netdb.h
configure:13838: result: yes
configure:13838: checking netinet/in.h usability
configure:13838: gcc -c     conftest.c >&5
configure:13838: $? = 0
configure:13838: result: yes
configure:13838: checking netinet/in.h presence
configure:13838: gcc -E  conftest.c
configure:13838: $? = 0
configure:13838: result: yes
configure:13838: checking for netinet/in.h
configure:13838: result: yes
configure:13838: checking stddef.h usability
configure:13838: gcc -c     conftest.c >&5
configure:13838: $? = 0
configure:13838: result: yes
configure:13838: checking stddef.h presence
configure:13838: gcc -E  conftest.c
configure:13838: $? = 0
configure:13838: result: yes
configure:13838: checking for stddef.h
configure:13838: result: yes
configure:13838: checking time.h usability
configure:13838: gcc -c     conftest.c >&5
configure:13838: $? = 0
configure:13838: result: yes
configure:13838: checking time.h presence
configure:13838: gcc -E  conftest.c
configure:13838: $? = 0
configure:13838: result: yes
configure:13838: checking for time.h
configure:13838: result: yes
configure:13838: checking sys/ioctl.h usability
configure:13838: gcc -c     conftest.c >&5
configure:13838: $? = 0
configure:13838: result: yes
configure:13838: checking sys/ioctl.h presence
configure:13838: gcc -E  conftest.c
configure:13838: $? = 0
configure:13838: result: yes
configure:13838: checking for sys/ioctl.h
configure:13838: result: yes
configure:13838: checking sys/socket.h usability
configure:13838: gcc -c     conftest.c >&5
configure:13838: $? = 0
configure:13838: result: yes
configure:13838: checking sys/socket.h presence
configure:13838: gcc -E  conftest.c
configure:13838: $? = 0
configure:13838: result: yes
configure:13838: checking for sys/socket.h
configure:13838: result: yes
configure:13838: checking sys/time.h usability
configure:13838: gcc -c     conftest.c >&5
configure:13838: $? = 0
configure:13838: result: yes
configure:13838: checking sys/time.h presence
configure:13838: gcc -E  conftest.c
configure:13838: $? = 0
configure:13838: result: yes
configure:13838: checking for sys/time.h
configure:13838: result: yes
configure:13838: checking errno.h usability
configure:13838: gcc -c     conftest.c >&5
configure:13838: $? = 0
configure:13838: result: yes
configure:13838: checking errno.h presence
configure:13838: gcc -E  conftest.c
configure:13838: $? = 0
configure:13838: result: yes
configure:13838: checking for errno.h
configure:13838: result: yes
configure:13848: checking for socket in -lnetwork
configure:13873: gcc -o conftest      conftest.c -lnetwork   >&5
/usr/bin/ld: cannot find -lnetwork
collect2: error: ld returned 1 exit status
configure:13873: $? = 1
configure: failed program was:
| /* confdefs.h */
| #define PACKAGE_NAME "wolfssl"
| #define PACKAGE_TARNAME "wolfssl"
| #define PACKAGE_VERSION "4.7.0"
| #define PACKAGE_STRING "wolfssl 4.7.0"
| #define PACKAGE_BUGREPORT "https://github.com/wolfssl/wolfssl/issues"
| #define PACKAGE_URL "https://www.wolfssl.com"
| #define STDC_HEADERS 1
| #define HAVE_SYS_TYPES_H 1
| #define HAVE_SYS_STAT_H 1
| #define HAVE_STDLIB_H 1
| #define HAVE_STRING_H 1
| #define HAVE_MEMORY_H 1
| #define HAVE_STRINGS_H 1
| #define HAVE_INTTYPES_H 1
| #define HAVE_STDINT_H 1
| #define HAVE_UNISTD_H 1
| #define HAVE_DLFCN_H 1
| #define LT_OBJDIR ".libs/"
| #define HAVE_VISIBILITY 1
| #define SIZEOF_LONG_LONG 8
| #define SIZEOF_LONG 8
| #define SIZEOF_TIME_T 8
| #define HAVE___UINT128_T 1
| #define HAVE_ARPA_INET_H 1
| #define HAVE_FCNTL_H 1
| #define HAVE_LIMITS_H 1
| #define HAVE_NETDB_H 1
| #define HAVE_NETINET_IN_H 1
| #define HAVE_STDDEF_H 1
| #define HAVE_TIME_H 1
| #define HAVE_SYS_IOCTL_H 1
| #define HAVE_SYS_SOCKET_H 1
| #define HAVE_SYS_TIME_H 1
| #define HAVE_ERRNO_H 1
| /* end confdefs.h.  */
| 
| /* Override any GCC internal prototype to avoid an error.
|    Use char because int might match the return type of a GCC
|    builtin and then its argument prototype would still apply.  */
| #ifdef __cplusplus
| extern "C"
| #endif
| char socket ();
| int
| main ()
| {
| return socket ();
|   ;
|   return 0;
| }
configure:13882: result: no
configure:13893: checking whether byte ordering is bigendian
configure:13908: gcc -c     conftest.c >&5
conftest.c:38:9: error: unknown type name 'not'
         not a universal capable compiler
         ^~~
conftest.c:38:15: error: expected '=', ',', ';', 'asm' or '__attribute__' before 'universal'
         not a universal capable compiler
               ^~~~~~~~~
conftest.c:38:15: error: unknown type name 'universal'
configure:13908: $? = 1
configure: failed program was:
| /* confdefs.h */
| #define PACKAGE_NAME "wolfssl"
| #define PACKAGE_TARNAME "wolfssl"
| #define PACKAGE_VERSION "4.7.0"
| #define PACKAGE_STRING "wolfssl 4.7.0"
| #define PACKAGE_BUGREPORT "https://github.com/wolfssl/wolfssl/issues"
| #define PACKAGE_URL "https://www.wolfssl.com"
| #define STDC_HEADERS 1
| #define HAVE_SYS_TYPES_H 1
| #define HAVE_SYS_STAT_H 1
| #define HAVE_STDLIB_H 1
| #define HAVE_STRING_H 1
| #define HAVE_MEMORY_H 1
| #define HAVE_STRINGS_H 1
| #define HAVE_INTTYPES_H 1
| #define HAVE_STDINT_H 1
| #define HAVE_UNISTD_H 1
| #define HAVE_DLFCN_H 1
| #define LT_OBJDIR ".libs/"
| #define HAVE_VISIBILITY 1
| #define SIZEOF_LONG_LONG 8
| #define SIZEOF_LONG 8
| #define SIZEOF_TIME_T 8
| #define HAVE___UINT128_T 1
| #define HAVE_ARPA_INET_H 1
| #define HAVE_FCNTL_H 1
| #define HAVE_LIMITS_H 1
| #define HAVE_NETDB_H 1
| #define HAVE_NETINET_IN_H 1
| #define HAVE_STDDEF_H 1
| #define HAVE_TIME_H 1
| #define HAVE_SYS_IOCTL_H 1
| #define HAVE_SYS_SOCKET_H 1
| #define HAVE_SYS_TIME_H 1
| #define HAVE_ERRNO_H 1
| /* end confdefs.h.  */
| #ifndef __APPLE_CC__
| 	       not a universal capable compiler
| 	     #endif
| 	     typedef int dummy;
| 
configure:13953: gcc -c     conftest.c >&5
configure:13953: $? = 0
configure:13971: gcc -c     conftest.c >&5
conftest.c: In function 'main':
conftest.c:44:4: error: unknown type name 'not'; did you mean 'ino_t'?
    not big endian
    ^~~
    ino_t
conftest.c:44:12: error: expected '=', ',', ';', 'asm' or '__attribute__' before 'endian'
    not big endian
            ^~~~~~
configure:13971: $? = 1
configure: failed program was:
| /* confdefs.h */
| #define PACKAGE_NAME "wolfssl"
| #define PACKAGE_TARNAME "wolfssl"
| #define PACKAGE_VERSION "4.7.0"
| #define PACKAGE_STRING "wolfssl 4.7.0"
| #define PACKAGE_BUGREPORT "https://github.com/wolfssl/wolfssl/issues"
| #define PACKAGE_URL "https://www.wolfssl.com"
| #define STDC_HEADERS 1
| #define HAVE_SYS_TYPES_H 1
| #define HAVE_SYS_STAT_H 1
| #define HAVE_STDLIB_H 1
| #define HAVE_STRING_H 1
| #define HAVE_MEMORY_H 1
| #define HAVE_STRINGS_H 1
| #define HAVE_INTTYPES_H 1
| #define HAVE_STDINT_H 1
| #define HAVE_UNISTD_H 1
| #define HAVE_DLFCN_H 1
| #define LT_OBJDIR ".libs/"
| #define HAVE_VISIBILITY 1
| #define SIZEOF_LONG_LONG 8
| #define SIZEOF_LONG 8
| #define SIZEOF_TIME_T 8
| #define HAVE___UINT128_T 1
| #define HAVE_ARPA_INET_H 1
| #define HAVE_FCNTL_H 1
| #define HAVE_LIMITS_H 1
| #define HAVE_NETDB_H 1
| #define HAVE_NETINET_IN_H 1
| #define HAVE_STDDEF_H 1
| #define HAVE_TIME_H 1
| #define HAVE_SYS_IOCTL_H 1
| #define HAVE_SYS_SOCKET_H 1
| #define HAVE_SYS_TIME_H 1
| #define HAVE_ERRNO_H 1
| /* end confdefs.h.  */
| #include <sys/types.h>
| 		#include <sys/param.h>
| 
| int
| main ()
| {
| #if BYTE_ORDER != BIG_ENDIAN
| 		 not big endian
| 		#endif
| 
|   ;
|   return 0;
| }
configure:14099: result: no
configure:14124: checking for gethostbyname
configure:14124: gcc -o conftest      conftest.c  >&5
configure:14124: $? = 0
configure:14124: result: yes
configure:14124: checking for getaddrinfo
configure:14124: gcc -o conftest      conftest.c  >&5
configure:14124: $? = 0
configure:14124: result: yes
configure:14124: checking for gettimeofday
configure:14124: gcc -o conftest      conftest.c  >&5
configure:14124: $? = 0
configure:14124: result: yes
configure:14124: checking for gmtime_r
configure:14124: gcc -o conftest      conftest.c  >&5
configure:14124: $? = 0
configure:14124: result: yes
configure:14124: checking for inet_ntoa
configure:14124: gcc -o conftest      conftest.c  >&5
configure:14124: $? = 0
configure:14124: result: yes
configure:14124: checking for memset
configure:14124: gcc -o conftest      conftest.c  >&5
conftest.c:65:6: warning: conflicting types for built-in function 'memset' [-Wbuiltin-declaration-mismatch]
 char memset ();
      ^~~~~~
configure:14124: $? = 0
configure:14124: result: yes
configure:14124: checking for socket
configure:14124: gcc -o conftest      conftest.c  >&5
configure:14124: $? = 0
configure:14124: result: yes
configure:14124: checking for strftime
configure:14124: gcc -o conftest      conftest.c  >&5
conftest.c:67:6: warning: conflicting types for built-in function 'strftime' [-Wbuiltin-declaration-mismatch]
 char strftime ();
      ^~~~~~~~
configure:14124: $? = 0
configure:14124: result: yes
configure:14133: checking whether gethostbyname is declared
configure:14133: gcc -c     conftest.c >&5
configure:14133: $? = 0
configure:14133: result: yes
configure:14178: checking whether getaddrinfo is declared
configure:14178: gcc -c     conftest.c >&5
configure:14178: $? = 0
configure:14178: result: yes
configure:14223: checking whether gettimeofday is declared
configure:14223: gcc -c     conftest.c >&5
configure:14223: $? = 0
configure:14223: result: yes
configure:14268: checking whether gmtime_r is declared
configure:14268: gcc -c     conftest.c >&5
configure:14268: $? = 0
configure:14268: result: yes
configure:14313: checking whether inet_ntoa is declared
configure:14313: gcc -c     conftest.c >&5
configure:14313: $? = 0
configure:14313: result: yes
configure:14358: checking whether memset is declared
configure:14358: gcc -c     conftest.c >&5
configure:14358: $? = 0
configure:14358: result: yes
configure:14403: checking whether socket is declared
configure:14403: gcc -c     conftest.c >&5
configure:14403: $? = 0
configure:14403: result: yes
configure:14448: checking whether strftime is declared
configure:14448: gcc -c     conftest.c >&5
configure:14448: $? = 0
configure:14448: result: yes
configure:14496: checking for size_t
configure:14496: gcc -c     conftest.c >&5
configure:14496: $? = 0
configure:14496: gcc -c     conftest.c >&5
conftest.c: In function 'main':
conftest.c:89:21: error: expected expression before ')' token
 if (sizeof ((size_t)))
                     ^
configure:14496: $? = 1
configure: failed program was:
| /* confdefs.h */
| #define PACKAGE_NAME "wolfssl"
| #define PACKAGE_TARNAME "wolfssl"
| #define PACKAGE_VERSION "4.7.0"
| #define PACKAGE_STRING "wolfssl 4.7.0"
| #define PACKAGE_BUGREPORT "https://github.com/wolfssl/wolfssl/issues"
| #define PACKAGE_URL "https://www.wolfssl.com"
| #define STDC_HEADERS 1
| #define HAVE_SYS_TYPES_H 1
| #define HAVE_SYS_STAT_H 1
| #define HAVE_STDLIB_H 1
| #define HAVE_STRING_H 1
| #define HAVE_MEMORY_H 1
| #define HAVE_STRINGS_H 1
| #define HAVE_INTTYPES_H 1
| #define HAVE_STDINT_H 1
| #define HAVE_UNISTD_H 1
| #define HAVE_DLFCN_H 1
| #define LT_OBJDIR ".libs/"
| #define HAVE_VISIBILITY 1
| #define SIZEOF_LONG_LONG 8
| #define SIZEOF_LONG 8
| #define SIZEOF_TIME_T 8
| #define HAVE___UINT128_T 1
| #define HAVE_ARPA_INET_H 1
| #define HAVE_FCNTL_H 1
| #define HAVE_LIMITS_H 1
| #define HAVE_NETDB_H 1
| #define HAVE_NETINET_IN_H 1
| #define HAVE_STDDEF_H 1
| #define HAVE_TIME_H 1
| #define HAVE_SYS_IOCTL_H 1
| #define HAVE_SYS_SOCKET_H 1
| #define HAVE_SYS_TIME_H 1
| #define HAVE_ERRNO_H 1
| #define HAVE_GETHOSTBYNAME 1
| #define HAVE_GETADDRINFO 1
| #define HAVE_GETTIMEOFDAY 1
| #define HAVE_GMTIME_R 1
| #define HAVE_INET_NTOA 1
| #define HAVE_MEMSET 1
| #define HAVE_SOCKET 1
| #define HAVE_STRFTIME 1
| #define HAVE_DECL_GETHOSTBYNAME 1
| #define HAVE_DECL_GETADDRINFO 1
| #define HAVE_DECL_GETTIMEOFDAY 1
| #define HAVE_DECL_GMTIME_R 1
| #define HAVE_DECL_INET_NTOA 1
| #define HAVE_DECL_MEMSET 1
| #define HAVE_DECL_SOCKET 1
| #define HAVE_DECL_STRFTIME 1
| /* end confdefs.h.  */
| #include <stdio.h>
| #ifdef HAVE_SYS_TYPES_H
| # include <sys/types.h>
| #endif
| #ifdef HAVE_SYS_STAT_H
| # include <sys/stat.h>
| #endif
| #ifdef STDC_HEADERS
| # include <stdlib.h>
| # include <stddef.h>
| #else
| # ifdef HAVE_STDLIB_H
| #  include <stdlib.h>
| # endif
| #endif
| #ifdef HAVE_STRING_H
| # if !defined STDC_HEADERS && defined HAVE_MEMORY_H
| #  include <memory.h>
| # endif
| # include <string.h>
| #endif
| #ifdef HAVE_STRINGS_H
| # include <strings.h>
| #endif
| #ifdef HAVE_INTTYPES_H
| # include <inttypes.h>
| #endif
| #ifdef HAVE_STDINT_H
| # include <stdint.h>
| #endif
| #ifdef HAVE_UNISTD_H
| # include <unistd.h>
| #endif
| int
| main ()
| {
| if (sizeof ((size_t)))
| 	    return 0;
|   ;
|   return 0;
| }
configure:14496: result: yes
configure:14507: checking for uint8_t
configure:14507: gcc -c     conftest.c >&5
configure:14507: $? = 0
configure:14507: result: yes
configure:14530: checking dependency style of gcc
configure:14639: result: gcc3
configure:14742: checking for cos in -lm
configure:14767: gcc -o conftest      conftest.c -lm   >&5
conftest.c:60:6: warning: conflicting types for built-in function 'cos' [-Wbuiltin-declaration-mismatch]
 char cos ();
      ^~~
configure:14767: $? = 0
configure:14776: result: yes
configure:14796: checking for thread local storage (TLS) class
configure:14824: gcc -c     conftest.c >&5
configure:14824: $? = 0
configure:14836: result: __thread
configure:14875: checking for debug
configure:14877: result: no
configure:15607: checking whether gcc is Clang
configure:15632: result: no
configure:15755: checking whether pthreads work with -pthread
configure:15846: gcc -o conftest    -pthread   conftest.c   >&5
configure:15846: $? = 0
configure:15855: result: yes
configure:15874: checking for joinable pthread attribute
configure:15892: gcc -o conftest    -pthread   conftest.c   >&5
configure:15892: $? = 0
configure:15900: result: PTHREAD_CREATE_JOINABLE
configure:15914: checking whether more special flags are required for pthreads
configure:15927: result: no
configure:15935: checking for PTHREAD_PRIO_INHERIT
configure:15951: gcc -o conftest    -pthread   conftest.c   >&5
configure:15951: $? = 0
configure:15960: result: yes
configure:22294: checking for fast RSA
configure:22309: result: no
configure:23592: checking for library containing gethostbyname
configure:23623: gcc -o conftest      conftest.c   >&5
configure:23623: $? = 0
configure:23640: result: none required
configure:23648: checking for library containing socket
configure:23679: gcc -o conftest      conftest.c   >&5
configure:23679: $? = 0
configure:23696: result: none required
configure:23747: checking for vcs system
configure:23767: result: none
configure:23776: checking for vcs checkout
configure:23788: result: no
configure:23860: checking whether the linker accepts -Werror
configure:23879: gcc -o conftest       -Werror conftest.c   >&5
configure:23879: $? = 0
configure:23888: result: yes
configure:23902: checking whether the linker accepts -z relro -z now
configure:23921: gcc -o conftest      -Werror -z relro -z now conftest.c   >&5
configure:23921: $? = 0
configure:23931: result: yes
configure:23943: checking whether the linker accepts -pie
configure:23962: gcc -o conftest      -Werror -pie conftest.c   >&5
configure:23962: $? = 0
configure:23972: result: yes
configure:24086: checking whether C compiler accepts -Werror
configure:24105: gcc -c     -Werror  conftest.c >&5
configure:24105: $? = 0
configure:24114: result: yes
configure:24130: : ax_append_compile_cflags_extra="$ax_append_compile_cflags_extra"
configure:24133: $? = 0
configure:24394: checking whether C compiler accepts -Wno-pragmas
configure:24413: gcc -c     -Werror -Wno-pragmas  conftest.c >&5
configure:24413: $? = 0
configure:24422: result: yes
configure:24438: : CFLAGS="$CFLAGS"
configure:24441: $? = 0
configure:24470: checking whether C compiler accepts -Wall
configure:24489: gcc -c    -Wno-pragmas  -Werror -Wall  conftest.c >&5
configure:24489: $? = 0
configure:24498: result: yes
configure:24514: : CFLAGS="$CFLAGS"
configure:24517: $? = 0
configure:24545: checking whether C compiler accepts -Wno-strict-aliasing
configure:24564: gcc -c    -Wno-pragmas -Wall  -Werror -Wno-strict-aliasing  conftest.c >&5
configure:24564: $? = 0
configure:24573: result: yes
configure:24589: : CFLAGS="$CFLAGS"
configure:24592: $? = 0
configure:24620: checking whether C compiler accepts -Wextra
configure:24639: gcc -c    -Wno-pragmas -Wall -Wno-strict-aliasing  -Werror -Wextra  conftest.c >&5
configure:24639: $? = 0
configure:24648: result: yes
configure:24664: : CFLAGS="$CFLAGS"
configure:24667: $? = 0
configure:24695: checking whether C compiler accepts -Wunknown-pragmas
configure:24714: gcc -c    -Wno-pragmas -Wall -Wno-strict-aliasing -Wextra  -Werror -Wunknown-pragmas  conftest.c >&5
configure:24714: $? = 0
configure:24723: result: yes
configure:24739: : CFLAGS="$CFLAGS"
configure:24742: $? = 0
configure:24770: checking whether C compiler accepts -Wthis-test-should-fail
configure:24789: gcc -c    -Wno-pragmas -Wall -Wno-strict-aliasing -Wextra -Wunknown-pragmas  -Werror -Wthis-test-should-fail  conftest.c >&5
gcc: error: unrecognized command line option '-Wthis-test-should-fail'
configure:24789: $? = 1
configure: failed program was:
| /* confdefs.h */
| #define PACKAGE_NAME "wolfssl"
| #define PACKAGE_TARNAME "wolfssl"
| #define PACKAGE_VERSION "4.7.0"
| #define PACKAGE_STRING "wolfssl 4.7.0"
| #define PACKAGE_BUGREPORT "https://github.com/wolfssl/wolfssl/issues"
| #define PACKAGE_URL "https://www.wolfssl.com"
| #define STDC_HEADERS 1
| #define HAVE_SYS_TYPES_H 1
| #define HAVE_SYS_STAT_H 1
| #define HAVE_STDLIB_H 1
| #define HAVE_STRING_H 1
| #define HAVE_MEMORY_H 1
| #define HAVE_STRINGS_H 1
| #define HAVE_INTTYPES_H 1
| #define HAVE_STDINT_H 1
| #define HAVE_UNISTD_H 1
| #define HAVE_DLFCN_H 1
| #define LT_OBJDIR ".libs/"
| #define HAVE_VISIBILITY 1
| #define SIZEOF_LONG_LONG 8
| #define SIZEOF_LONG 8
| #define SIZEOF_TIME_T 8
| #define HAVE___UINT128_T 1
| #define HAVE_ARPA_INET_H 1
| #define HAVE_FCNTL_H 1
| #define HAVE_LIMITS_H 1
| #define HAVE_NETDB_H 1
| #define HAVE_NETINET_IN_H 1
| #define HAVE_STDDEF_H 1
| #define HAVE_TIME_H 1
| #define HAVE_SYS_IOCTL_H 1
| #define HAVE_SYS_SOCKET_H 1
| #define HAVE_SYS_TIME_H 1
| #define HAVE_ERRNO_H 1
| #define HAVE_GETHOSTBYNAME 1
| #define HAVE_GETADDRINFO 1
| #define HAVE_GETTIMEOFDAY 1
| #define HAVE_GMTIME_R 1
| #define HAVE_INET_NTOA 1
| #define HAVE_MEMSET 1
| #define HAVE_SOCKET 1
| #define HAVE_STRFTIME 1
| #define HAVE_DECL_GETHOSTBYNAME 1
| #define HAVE_DECL_GETADDRINFO 1
| #define HAVE_DECL_GETTIMEOFDAY 1
| #define HAVE_DECL_GMTIME_R 1
| #define HAVE_DECL_INET_NTOA 1
| #define HAVE_DECL_MEMSET 1
| #define HAVE_DECL_SOCKET 1
| #define HAVE_DECL_STRFTIME 1
| #define TLS __thread
| #define DEBUG 0
| #define HAVE_PTHREAD_PRIO_INHERIT 1
| #define HAVE_PTHREAD 1
| #define BUILD_USER_RSA /**/
| #define VCS_SYSTEM "none"
| #define VCS_CHECKOUT 0
| /* end confdefs.h.  */
| 
| int
| main ()
| {
| 
|   ;
|   return 0;
| }
configure:24798: result: no
configure:24849: checking whether C compiler accepts --param=ssp-buffer-size=1
configure:24868: gcc -c    -Wno-pragmas -Wall -Wno-strict-aliasing -Wextra -Wunknown-pragmas  -Werror --param=ssp-buffer-size=1  conftest.c >&5
configure:24868: $? = 0
configure:24877: result: yes
configure:24893: : CFLAGS="$CFLAGS"
configure:24896: $? = 0
configure:24926: checking whether C compiler accepts -Waddress
configure:24945: gcc -c    -Wno-pragmas -Wall -Wno-strict-aliasing -Wextra -Wunknown-pragmas --param=ssp-buffer-size=1  -Werror -Waddress  conftest.c >&5
configure:24945: $? = 0
configure:24954: result: yes
configure:24970: : CFLAGS="$CFLAGS"
configure:24973: $? = 0
configure:25001: checking whether C compiler accepts -Warray-bounds
configure:25020: gcc -c    -Wno-pragmas -Wall -Wno-strict-aliasing -Wextra -Wunknown-pragmas --param=ssp-buffer-size=1 -Waddress  -Werror -Warray-bounds  conftest.c >&5
configure:25020: $? = 0
configure:25029: result: yes
configure:25045: : CFLAGS="$CFLAGS"
configure:25048: $? = 0
configure:25076: checking whether C compiler accepts -Wbad-function-cast
configure:25095: gcc -c    -Wno-pragmas -Wall -Wno-strict-aliasing -Wextra -Wunknown-pragmas --param=ssp-buffer-size=1 -Waddress -Warray-bounds  -Werror -Wbad-function-cast  conftest.c >&5
configure:25095: $? = 0
configure:25104: result: yes
configure:25120: : CFLAGS="$CFLAGS"
configure:25123: $? = 0
configure:25151: checking whether C compiler accepts -Wchar-subscripts
configure:25170: gcc -c    -Wno-pragmas -Wall -Wno-strict-aliasing -Wextra -Wunknown-pragmas --param=ssp-buffer-size=1 -Waddress -Warray-bounds -Wbad-function-cast  -Werror -Wchar-subscripts  conftest.c >&5
configure:25170: $? = 0
configure:25179: result: yes
configure:25195: : CFLAGS="$CFLAGS"
configure:25198: $? = 0
configure:25226: checking whether C compiler accepts -Wcomment
configure:25245: gcc -c    -Wno-pragmas -Wall -Wno-strict-aliasing -Wextra -Wunknown-pragmas --param=ssp-buffer-size=1 -Waddress -Warray-bounds -Wbad-function-cast -Wchar-subscripts  -Werror -Wcomment  conftest.c >&5
configure:25245: $? = 0
configure:25254: result: yes
configure:25270: : CFLAGS="$CFLAGS"
configure:25273: $? = 0
configure:25301: checking whether C compiler accepts -Wfloat-equal
configure:25320: gcc -c    -Wno-pragmas -Wall -Wno-strict-aliasing -Wextra -Wunknown-pragmas --param=ssp-buffer-size=1 -Waddress -Warray-bounds -Wbad-function-cast -Wchar-subscripts -Wcomment  -Werror -Wfloat-equal  conftest.c >&5
configure:25320: $? = 0
configure:25329: result: yes
configure:25345: : CFLAGS="$CFLAGS"
configure:25348: $? = 0
configure:25376: checking whether C compiler accepts -Wformat-security
configure:25395: gcc -c    -Wno-pragmas -Wall -Wno-strict-aliasing -Wextra -Wunknown-pragmas --param=ssp-buffer-size=1 -Waddress -Warray-bounds -Wbad-function-cast -Wchar-subscripts -Wcomment -Wfloat-equal  -Werror -Wformat-security  conftest.c >&5
configure:25395: $? = 0
configure:25404: result: yes
configure:25420: : CFLAGS="$CFLAGS"
configure:25423: $? = 0
configure:25451: checking whether C compiler accepts -Wformat=2
configure:25470: gcc -c    -Wno-pragmas -Wall -Wno-strict-aliasing -Wextra -Wunknown-pragmas --param=ssp-buffer-size=1 -Waddress -Warray-bounds -Wbad-function-cast -Wchar-subscripts -Wcomment -Wfloat-equal -Wformat-security  -Werror -Wformat=2  conftest.c >&5
configure:25470: $? = 0
configure:25479: result: yes
configure:25495: : CFLAGS="$CFLAGS"
configure:25498: $? = 0
configure:25526: checking whether C compiler accepts -Wmaybe-uninitialized
configure:25545: gcc -c    -Wno-pragmas -Wall -Wno-strict-aliasing -Wextra -Wunknown-pragmas --param=ssp-buffer-size=1 -Waddress -Warray-bounds -Wbad-function-cast -Wchar-subscripts -Wcomment -Wfloat-equal -Wformat-security -Wformat=2  -Werror -Wmaybe-uninitialized  conftest.c >&5
configure:25545: $? = 0
configure:25554: result: yes
configure:25570: : CFLAGS="$CFLAGS"
configure:25573: $? = 0
configure:25601: checking whether C compiler accepts -Wmissing-field-initializers
configure:25620: gcc -c    -Wno-pragmas -Wall -Wno-strict-aliasing -Wextra -Wunknown-pragmas --param=ssp-buffer-size=1 -Waddress -Warray-bounds -Wbad-function-cast -Wchar-subscripts -Wcomment -Wfloat-equal -Wformat-security -Wformat=2 -Wmaybe-uninitialized  -Werror -Wmissing-field-initializers  conftest.c >&5
configure:25620: $? = 0
configure:25629: result: yes
configure:25645: : CFLAGS="$CFLAGS"
configure:25648: $? = 0
configure:25676: checking whether C compiler accepts -Wmissing-noreturn
configure:25695: gcc -c    -Wno-pragmas -Wall -Wno-strict-aliasing -Wextra -Wunknown-pragmas --param=ssp-buffer-size=1 -Waddress -Warray-bounds -Wbad-function-cast -Wchar-subscripts -Wcomment -Wfloat-equal -Wformat-security -Wformat=2 -Wmaybe-uninitialized -Wmissing-field-initializers  -Werror -Wmissing-noreturn  conftest.c >&5
configure:25695: $? = 0
configure:25704: result: yes
configure:25720: : CFLAGS="$CFLAGS"
configure:25723: $? = 0
configure:25751: checking whether C compiler accepts -Wmissing-prototypes
configure:25770: gcc -c    -Wno-pragmas -Wall -Wno-strict-aliasing -Wextra -Wunknown-pragmas --param=ssp-buffer-size=1 -Waddress -Warray-bounds -Wbad-function-cast -Wchar-subscripts -Wcomment -Wfloat-equal -Wformat-security -Wformat=2 -Wmaybe-uninitialized -Wmissing-field-initializers -Wmissing-noreturn  -Werror -Wmissing-prototypes  conftest.c >&5
configure:25770: $? = 0
configure:25779: result: yes
configure:25795: : CFLAGS="$CFLAGS"
configure:25798: $? = 0
configure:25826: checking whether C compiler accepts -Wnested-externs
configure:25845: gcc -c    -Wno-pragmas -Wall -Wno-strict-aliasing -Wextra -Wunknown-pragmas --param=ssp-buffer-size=1 -Waddress -Warray-bounds -Wbad-function-cast -Wchar-subscripts -Wcomment -Wfloat-equal -Wformat-security -Wformat=2 -Wmaybe-uninitialized -Wmissing-field-initializers -Wmissing-noreturn -Wmissing-prototypes  -Werror -Wnested-externs  conftest.c >&5
configure:25845: $? = 0
configure:25854: result: yes
configure:25870: : CFLAGS="$CFLAGS"
configure:25873: $? = 0
configure:25901: checking whether C compiler accepts -Wnormalized=id
configure:25920: gcc -c    -Wno-pragmas -Wall -Wno-strict-aliasing -Wextra -Wunknown-pragmas --param=ssp-buffer-size=1 -Waddress -Warray-bounds -Wbad-function-cast -Wchar-subscripts -Wcomment -Wfloat-equal -Wformat-security -Wformat=2 -Wmaybe-uninitialized -Wmissing-field-initializers -Wmissing-noreturn -Wmissing-prototypes -Wnested-externs  -Werror -Wnormalized=id  conftest.c >&5
configure:25920: $? = 0
configure:25929: result: yes
configure:25945: : CFLAGS="$CFLAGS"
configure:25948: $? = 0
configure:25976: checking whether C compiler accepts -Woverride-init
configure:25995: gcc -c    -Wno-pragmas -Wall -Wno-strict-aliasing -Wextra -Wunknown-pragmas --param=ssp-buffer-size=1 -Waddress -Warray-bounds -Wbad-function-cast -Wchar-subscripts -Wcomment -Wfloat-equal -Wformat-security -Wformat=2 -Wmaybe-uninitialized -Wmissing-field-initializers -Wmissing-noreturn -Wmissing-prototypes -Wnested-externs -Wnormalized=id  -Werror -Woverride-init  conftest.c >&5
configure:25995: $? = 0
configure:26004: result: yes
configure:26020: : CFLAGS="$CFLAGS"
configure:26023: $? = 0
configure:26051: checking whether C compiler accepts -Wpointer-arith
configure:26070: gcc -c    -Wno-pragmas -Wall -Wno-strict-aliasing -Wextra -Wunknown-pragmas --param=ssp-buffer-size=1 -Waddress -Warray-bounds -Wbad-function-cast -Wchar-subscripts -Wcomment -Wfloat-equal -Wformat-security -Wformat=2 -Wmaybe-uninitialized -Wmissing-field-initializers -Wmissing-noreturn -Wmissing-prototypes -Wnested-externs -Wnormalized=id -Woverride-init  -Werror -Wpointer-arith  conftest.c >&5
configure:26070: $? = 0
configure:26079: result: yes
configure:26095: : CFLAGS="$CFLAGS"
configure:26098: $? = 0
configure:26126: checking whether C compiler accepts -Wpointer-sign
configure:26145: gcc -c    -Wno-pragmas -Wall -Wno-strict-aliasing -Wextra -Wunknown-pragmas --param=ssp-buffer-size=1 -Waddress -Warray-bounds -Wbad-function-cast -Wchar-subscripts -Wcomment -Wfloat-equal -Wformat-security -Wformat=2 -Wmaybe-uninitialized -Wmissing-field-initializers -Wmissing-noreturn -Wmissing-prototypes -Wnested-externs -Wnormalized=id -Woverride-init -Wpointer-arith  -Werror -Wpointer-sign  conftest.c >&5
configure:26145: $? = 0
configure:26154: result: yes
configure:26170: : CFLAGS="$CFLAGS"
configure:26173: $? = 0
configure:26201: checking whether C compiler accepts -Wredundant-decls
configure:26220: gcc -c    -Wno-pragmas -Wall -Wno-strict-aliasing -Wextra -Wunknown-pragmas --param=ssp-buffer-size=1 -Waddress -Warray-bounds -Wbad-function-cast -Wchar-subscripts -Wcomment -Wfloat-equal -Wformat-security -Wformat=2 -Wmaybe-uninitialized -Wmissing-field-initializers -Wmissing-noreturn -Wmissing-prototypes -Wnested-externs -Wnormalized=id -Woverride-init -Wpointer-arith -Wpointer-sign  -Werror -Wredundant-decls  conftest.c >&5
configure:26220: $? = 0
configure:26229: result: yes
configure:26245: : CFLAGS="$CFLAGS"
configure:26248: $? = 0
configure:26276: checking whether C compiler accepts -Wshadow
configure:26295: gcc -c    -Wno-pragmas -Wall -Wno-strict-aliasing -Wextra -Wunknown-pragmas --param=ssp-buffer-size=1 -Waddress -Warray-bounds -Wbad-function-cast -Wchar-subscripts -Wcomment -Wfloat-equal -Wformat-security -Wformat=2 -Wmaybe-uninitialized -Wmissing-field-initializers -Wmissing-noreturn -Wmissing-prototypes -Wnested-externs -Wnormalized=id -Woverride-init -Wpointer-arith -Wpointer-sign -Wredundant-decls  -Werror -Wshadow  conftest.c >&5
configure:26295: $? = 0
configure:26304: result: yes
configure:26320: : CFLAGS="$CFLAGS"
configure:26323: $? = 0
configure:26351: checking whether C compiler accepts -Wshorten-64-to-32
configure:26370: gcc -c    -Wno-pragmas -Wall -Wno-strict-aliasing -Wextra -Wunknown-pragmas --param=ssp-buffer-size=1 -Waddress -Warray-bounds -Wbad-function-cast -Wchar-subscripts -Wcomment -Wfloat-equal -Wformat-security -Wformat=2 -Wmaybe-uninitialized -Wmissing-field-initializers -Wmissing-noreturn -Wmissing-prototypes -Wnested-externs -Wnormalized=id -Woverride-init -Wpointer-arith -Wpointer-sign -Wredundant-decls -Wshadow  -Werror -Wshorten-64-to-32  conftest.c >&5
gcc: error: unrecognized command line option '-Wshorten-64-to-32'
configure:26370: $? = 1
configure: failed program was:
| /* confdefs.h */
| #define PACKAGE_NAME "wolfssl"
| #define PACKAGE_TARNAME "wolfssl"
| #define PACKAGE_VERSION "4.7.0"
| #define PACKAGE_STRING "wolfssl 4.7.0"
| #define PACKAGE_BUGREPORT "https://github.com/wolfssl/wolfssl/issues"
| #define PACKAGE_URL "https://www.wolfssl.com"
| #define STDC_HEADERS 1
| #define HAVE_SYS_TYPES_H 1
| #define HAVE_SYS_STAT_H 1
| #define HAVE_STDLIB_H 1
| #define HAVE_STRING_H 1
| #define HAVE_MEMORY_H 1
| #define HAVE_STRINGS_H 1
| #define HAVE_INTTYPES_H 1
| #define HAVE_STDINT_H 1
| #define HAVE_UNISTD_H 1
| #define HAVE_DLFCN_H 1
| #define LT_OBJDIR ".libs/"
| #define HAVE_VISIBILITY 1
| #define SIZEOF_LONG_LONG 8
| #define SIZEOF_LONG 8
| #define SIZEOF_TIME_T 8
| #define HAVE___UINT128_T 1
| #define HAVE_ARPA_INET_H 1
| #define HAVE_FCNTL_H 1
| #define HAVE_LIMITS_H 1
| #define HAVE_NETDB_H 1
| #define HAVE_NETINET_IN_H 1
| #define HAVE_STDDEF_H 1
| #define HAVE_TIME_H 1
| #define HAVE_SYS_IOCTL_H 1
| #define HAVE_SYS_SOCKET_H 1
| #define HAVE_SYS_TIME_H 1
| #define HAVE_ERRNO_H 1
| #define HAVE_GETHOSTBYNAME 1
| #define HAVE_GETADDRINFO 1
| #define HAVE_GETTIMEOFDAY 1
| #define HAVE_GMTIME_R 1
| #define HAVE_INET_NTOA 1
| #define HAVE_MEMSET 1
| #define HAVE_SOCKET 1
| #define HAVE_STRFTIME 1
| #define HAVE_DECL_GETHOSTBYNAME 1
| #define HAVE_DECL_GETADDRINFO 1
| #define HAVE_DECL_GETTIMEOFDAY 1
| #define HAVE_DECL_GMTIME_R 1
| #define HAVE_DECL_INET_NTOA 1
| #define HAVE_DECL_MEMSET 1
| #define HAVE_DECL_SOCKET 1
| #define HAVE_DECL_STRFTIME 1
| #define TLS __thread
| #define DEBUG 0
| #define HAVE_PTHREAD_PRIO_INHERIT 1
| #define HAVE_PTHREAD 1
| #define BUILD_USER_RSA /**/
| #define VCS_SYSTEM "none"
| #define VCS_CHECKOUT 0
| /* end confdefs.h.  */
| 
| int
| main ()
| {
| 
|   ;
|   return 0;
| }
configure:26379: result: no
configure:26426: checking whether C compiler accepts -Wsign-compare
configure:26445: gcc -c    -Wno-pragmas -Wall -Wno-strict-aliasing -Wextra -Wunknown-pragmas --param=ssp-buffer-size=1 -Waddress -Warray-bounds -Wbad-function-cast -Wchar-subscripts -Wcomment -Wfloat-equal -Wformat-security -Wformat=2 -Wmaybe-uninitialized -Wmissing-field-initializers -Wmissing-noreturn -Wmissing-prototypes -Wnested-externs -Wnormalized=id -Woverride-init -Wpointer-arith -Wpointer-sign -Wredundant-decls -Wshadow  -Werror -Wsign-compare  conftest.c >&5
configure:26445: $? = 0
configure:26454: result: yes
configure:26470: : CFLAGS="$CFLAGS"
configure:26473: $? = 0
configure:26501: checking whether C compiler accepts -Wstrict-overflow=1
configure:26520: gcc -c    -Wno-pragmas -Wall -Wno-strict-aliasing -Wextra -Wunknown-pragmas --param=ssp-buffer-size=1 -Waddress -Warray-bounds -Wbad-function-cast -Wchar-subscripts -Wcomment -Wfloat-equal -Wformat-security -Wformat=2 -Wmaybe-uninitialized -Wmissing-field-initializers -Wmissing-noreturn -Wmissing-prototypes -Wnested-externs -Wnormalized=id -Woverride-init -Wpointer-arith -Wpointer-sign -Wredundant-decls -Wshadow -Wsign-compare  -Werror -Wstrict-overflow=1  conftest.c >&5
configure:26520: $? = 0
configure:26529: result: yes
configure:26545: : CFLAGS="$CFLAGS"
configure:26548: $? = 0
configure:26576: checking whether C compiler accepts -Wstrict-prototypes
configure:26595: gcc -c    -Wno-pragmas -Wall -Wno-strict-aliasing -Wextra -Wunknown-pragmas --param=ssp-buffer-size=1 -Waddress -Warray-bounds -Wbad-function-cast -Wchar-subscripts -Wcomment -Wfloat-equal -Wformat-security -Wformat=2 -Wmaybe-uninitialized -Wmissing-field-initializers -Wmissing-noreturn -Wmissing-prototypes -Wnested-externs -Wnormalized=id -Woverride-init -Wpointer-arith -Wpointer-sign -Wredundant-decls -Wshadow -Wsign-compare -Wstrict-overflow=1  -Werror -Wstrict-prototypes  conftest.c >&5
conftest.c:62:1: error: function declaration isn't a prototype [-Werror=strict-prototypes]
 main ()
 ^~~~
cc1: all warnings being treated as errors
configure:26595: $? = 1
configure: failed program was:
| /* confdefs.h */
| #define PACKAGE_NAME "wolfssl"
| #define PACKAGE_TARNAME "wolfssl"
| #define PACKAGE_VERSION "4.7.0"
| #define PACKAGE_STRING "wolfssl 4.7.0"
| #define PACKAGE_BUGREPORT "https://github.com/wolfssl/wolfssl/issues"
| #define PACKAGE_URL "https://www.wolfssl.com"
| #define STDC_HEADERS 1
| #define HAVE_SYS_TYPES_H 1
| #define HAVE_SYS_STAT_H 1
| #define HAVE_STDLIB_H 1
| #define HAVE_STRING_H 1
| #define HAVE_MEMORY_H 1
| #define HAVE_STRINGS_H 1
| #define HAVE_INTTYPES_H 1
| #define HAVE_STDINT_H 1
| #define HAVE_UNISTD_H 1
| #define HAVE_DLFCN_H 1
| #define LT_OBJDIR ".libs/"
| #define HAVE_VISIBILITY 1
| #define SIZEOF_LONG_LONG 8
| #define SIZEOF_LONG 8
| #define SIZEOF_TIME_T 8
| #define HAVE___UINT128_T 1
| #define HAVE_ARPA_INET_H 1
| #define HAVE_FCNTL_H 1
| #define HAVE_LIMITS_H 1
| #define HAVE_NETDB_H 1
| #define HAVE_NETINET_IN_H 1
| #define HAVE_STDDEF_H 1
| #define HAVE_TIME_H 1
| #define HAVE_SYS_IOCTL_H 1
| #define HAVE_SYS_SOCKET_H 1
| #define HAVE_SYS_TIME_H 1
| #define HAVE_ERRNO_H 1
| #define HAVE_GETHOSTBYNAME 1
| #define HAVE_GETADDRINFO 1
| #define HAVE_GETTIMEOFDAY 1
| #define HAVE_GMTIME_R 1
| #define HAVE_INET_NTOA 1
| #define HAVE_MEMSET 1
| #define HAVE_SOCKET 1
| #define HAVE_STRFTIME 1
| #define HAVE_DECL_GETHOSTBYNAME 1
| #define HAVE_DECL_GETADDRINFO 1
| #define HAVE_DECL_GETTIMEOFDAY 1
| #define HAVE_DECL_GMTIME_R 1
| #define HAVE_DECL_INET_NTOA 1
| #define HAVE_DECL_MEMSET 1
| #define HAVE_DECL_SOCKET 1
| #define HAVE_DECL_STRFTIME 1
| #define TLS __thread
| #define DEBUG 0
| #define HAVE_PTHREAD_PRIO_INHERIT 1
| #define HAVE_PTHREAD 1
| #define BUILD_USER_RSA /**/
| #define VCS_SYSTEM "none"
| #define VCS_CHECKOUT 0
| /* end confdefs.h.  */
| 
| int
| main ()
| {
| 
|   ;
|   return 0;
| }
configure:26604: result: no
configure:26651: checking whether C compiler accepts -Wswitch-enum
configure:26670: gcc -c    -Wno-pragmas -Wall -Wno-strict-aliasing -Wextra -Wunknown-pragmas --param=ssp-buffer-size=1 -Waddress -Warray-bounds -Wbad-function-cast -Wchar-subscripts -Wcomment -Wfloat-equal -Wformat-security -Wformat=2 -Wmaybe-uninitialized -Wmissing-field-initializers -Wmissing-noreturn -Wmissing-prototypes -Wnested-externs -Wnormalized=id -Woverride-init -Wpointer-arith -Wpointer-sign -Wredundant-decls -Wshadow -Wsign-compare -Wstrict-overflow=1  -Werror -Wswitch-enum  conftest.c >&5
configure:26670: $? = 0
configure:26679: result: yes
configure:26695: : CFLAGS="$CFLAGS"
configure:26698: $? = 0
configure:26726: checking whether C compiler accepts -Wundef
configure:26745: gcc -c    -Wno-pragmas -Wall -Wno-strict-aliasing -Wextra -Wunknown-pragmas --param=ssp-buffer-size=1 -Waddress -Warray-bounds -Wbad-function-cast -Wchar-subscripts -Wcomment -Wfloat-equal -Wformat-security -Wformat=2 -Wmaybe-uninitialized -Wmissing-field-initializers -Wmissing-noreturn -Wmissing-prototypes -Wnested-externs -Wnormalized=id -Woverride-init -Wpointer-arith -Wpointer-sign -Wredundant-decls -Wshadow -Wsign-compare -Wstrict-overflow=1 -Wswitch-enum  -Werror -Wundef  conftest.c >&5
configure:26745: $? = 0
configure:26754: result: yes
configure:26770: : CFLAGS="$CFLAGS"
configure:26773: $? = 0
configure:26801: checking whether C compiler accepts -Wunused
configure:26820: gcc -c    -Wno-pragmas -Wall -Wno-strict-aliasing -Wextra -Wunknown-pragmas --param=ssp-buffer-size=1 -Waddress -Warray-bounds -Wbad-function-cast -Wchar-subscripts -Wcomment -Wfloat-equal -Wformat-security -Wformat=2 -Wmaybe-uninitialized -Wmissing-field-initializers -Wmissing-noreturn -Wmissing-prototypes -Wnested-externs -Wnormalized=id -Woverride-init -Wpointer-arith -Wpointer-sign -Wredundant-decls -Wshadow -Wsign-compare -Wstrict-overflow=1 -Wswitch-enum -Wundef  -Werror -Wunused  conftest.c >&5
configure:26820: $? = 0
configure:26829: result: yes
configure:26845: : CFLAGS="$CFLAGS"
configure:26848: $? = 0
configure:26876: checking whether C compiler accepts -Wunused-result
configure:26895: gcc -c    -Wno-pragmas -Wall -Wno-strict-aliasing -Wextra -Wunknown-pragmas --param=ssp-buffer-size=1 -Waddress -Warray-bounds -Wbad-function-cast -Wchar-subscripts -Wcomment -Wfloat-equal -Wformat-security -Wformat=2 -Wmaybe-uninitialized -Wmissing-field-initializers -Wmissing-noreturn -Wmissing-prototypes -Wnested-externs -Wnormalized=id -Woverride-init -Wpointer-arith -Wpointer-sign -Wredundant-decls -Wshadow -Wsign-compare -Wstrict-overflow=1 -Wswitch-enum -Wundef -Wunused  -Werror -Wunused-result  conftest.c >&5
configure:26895: $? = 0
configure:26904: result: yes
configure:26920: : CFLAGS="$CFLAGS"
configure:26923: $? = 0
configure:26951: checking whether C compiler accepts -Wunused-variable
configure:26970: gcc -c    -Wno-pragmas -Wall -Wno-strict-aliasing -Wextra -Wunknown-pragmas --param=ssp-buffer-size=1 -Waddress -Warray-bounds -Wbad-function-cast -Wchar-subscripts -Wcomment -Wfloat-equal -Wformat-security -Wformat=2 -Wmaybe-uninitialized -Wmissing-field-initializers -Wmissing-noreturn -Wmissing-prototypes -Wnested-externs -Wnormalized=id -Woverride-init -Wpointer-arith -Wpointer-sign -Wredundant-decls -Wshadow -Wsign-compare -Wstrict-overflow=1 -Wswitch-enum -Wundef -Wunused -Wunused-result  -Werror -Wunused-variable  conftest.c >&5
configure:26970: $? = 0
configure:26979: result: yes
configure:26995: : CFLAGS="$CFLAGS"
configure:26998: $? = 0
configure:27026: checking whether C compiler accepts -Wwrite-strings
configure:27045: gcc -c    -Wno-pragmas -Wall -Wno-strict-aliasing -Wextra -Wunknown-pragmas --param=ssp-buffer-size=1 -Waddress -Warray-bounds -Wbad-function-cast -Wchar-subscripts -Wcomment -Wfloat-equal -Wformat-security -Wformat=2 -Wmaybe-uninitialized -Wmissing-field-initializers -Wmissing-noreturn -Wmissing-prototypes -Wnested-externs -Wnormalized=id -Woverride-init -Wpointer-arith -Wpointer-sign -Wredundant-decls -Wshadow -Wsign-compare -Wstrict-overflow=1 -Wswitch-enum -Wundef -Wunused -Wunused-result -Wunused-variable  -Werror -Wwrite-strings  conftest.c >&5
configure:27045: $? = 0
configure:27054: result: yes
configure:27070: : CFLAGS="$CFLAGS"
configure:27073: $? = 0
configure:27101: checking whether C compiler accepts -fwrapv
configure:27120: gcc -c    -Wno-pragmas -Wall -Wno-strict-aliasing -Wextra -Wunknown-pragmas --param=ssp-buffer-size=1 -Waddress -Warray-bounds -Wbad-function-cast -Wchar-subscripts -Wcomment -Wfloat-equal -Wformat-security -Wformat=2 -Wmaybe-uninitialized -Wmissing-field-initializers -Wmissing-noreturn -Wmissing-prototypes -Wnested-externs -Wnormalized=id -Woverride-init -Wpointer-arith -Wpointer-sign -Wredundant-decls -Wshadow -Wsign-compare -Wstrict-overflow=1 -Wswitch-enum -Wundef -Wunused -Wunused-result -Wunused-variable -Wwrite-strings  -Werror -fwrapv  conftest.c >&5
configure:27120: $? = 0
configure:27129: result: yes
configure:27145: : CFLAGS="$CFLAGS"
configure:27148: $? = 0
configure:30596: result: creating wolfssl-config - generic 4.7.0 for -lwolfssl
configure:30721: checking the number of available CPUs
configure:30804: result: 4
configure:30821: adding automake macro support
configure:30825: creating aminclude.am
configure:30856: added jobserver support to make for 5 jobs
configure:30977: checking that generated files are newer than configure
configure:30983: result: done
configure:31499: creating ./config.status

## ---------------------- ##
## Running config.status. ##
## ---------------------- ##

This file was extended by wolfssl config.status 4.7.0, which was
generated by GNU Autoconf 2.69.  Invocation command line was

  CONFIG_FILES    = 
  CONFIG_HEADERS  = 
  CONFIG_LINKS    = 
  CONFIG_COMMANDS = 
  $ ./config.status 

on ubuntu

config.status:1427: creating stamp-h
config.status:1427: creating Makefile
config.status:1427: creating wolfssl/version.h
config.status:1427: creating wolfssl/options.h
config.status:1427: creating cyassl/options.h
config.status:1427: creating support/wolfssl.pc
config.status:1427: creating rpm/spec
config.status:1427: creating wolfcrypt/test/test_paths.h
config.status:1427: creating scripts/unit.test
config.status:1427: creating config.h
config.status:1656: executing depfiles commands
config.status:1656: executing libtool commands

## ---------------- ##
## Cache variables. ##
## ---------------- ##

ac_cv_build=x86_64-pc-linux-gnu
ac_cv_c_bigendian=no
ac_cv_c_compiler_gnu=yes
ac_cv_c_uint8_t=yes
ac_cv_env_CCASFLAGS_set=
ac_cv_env_CCASFLAGS_value=
ac_cv_env_CCAS_set=
ac_cv_env_CCAS_value=
ac_cv_env_CC_set=
ac_cv_env_CC_value=
ac_cv_env_CFLAGS_set=
ac_cv_env_CFLAGS_value=
ac_cv_env_CPPFLAGS_set=
ac_cv_env_CPPFLAGS_value=
ac_cv_env_CPP_set=
ac_cv_env_CPP_value=
ac_cv_env_LDFLAGS_set=
ac_cv_env_LDFLAGS_value=
ac_cv_env_LIBS_set=
ac_cv_env_LIBS_value=
ac_cv_env_LT_SYS_LIBRARY_PATH_set=
ac_cv_env_LT_SYS_LIBRARY_PATH_value=
ac_cv_env_build_alias_set=
ac_cv_env_build_alias_value=
ac_cv_env_host_alias_set=
ac_cv_env_host_alias_value=
ac_cv_env_target_alias_set=
ac_cv_env_target_alias_value=
ac_cv_func_getaddrinfo=yes
ac_cv_func_gethostbyname=yes
ac_cv_func_gettimeofday=yes
ac_cv_func_gmtime_r=yes
ac_cv_func_inet_ntoa=yes
ac_cv_func_memset=yes
ac_cv_func_socket=yes
ac_cv_func_strftime=yes
ac_cv_have_decl_getaddrinfo=yes
ac_cv_have_decl_gethostbyname=yes
ac_cv_have_decl_gettimeofday=yes
ac_cv_have_decl_gmtime_r=yes
ac_cv_have_decl_inet_ntoa=yes
ac_cv_have_decl_memset=yes
ac_cv_have_decl_socket=yes
ac_cv_have_decl_strftime=yes
ac_cv_header_arpa_inet_h=yes
ac_cv_header_dlfcn_h=yes
ac_cv_header_errno_h=yes
ac_cv_header_fcntl_h=yes
ac_cv_header_inttypes_h=yes
ac_cv_header_limits_h=yes
ac_cv_header_memory_h=yes
ac_cv_header_netdb_h=yes
ac_cv_header_netinet_in_h=yes
ac_cv_header_stdc=yes
ac_cv_header_stddef_h=yes
ac_cv_header_stdint_h=yes
ac_cv_header_stdlib_h=yes
ac_cv_header_string_h=yes
ac_cv_header_strings_h=yes
ac_cv_header_sys_ioctl_h=yes
ac_cv_header_sys_socket_h=yes
ac_cv_header_sys_stat_h=yes
ac_cv_header_sys_time_h=yes
ac_cv_header_sys_types_h=yes
ac_cv_header_time_h=yes
ac_cv_header_unistd_h=yes
ac_cv_host=x86_64-pc-linux-gnu
ac_cv_lib_m_cos=yes
ac_cv_lib_network_socket=no
ac_cv_objext=o
ac_cv_path_EGREP='/bin/grep -E'
ac_cv_path_FGREP='/bin/grep -F'
ac_cv_path_GREP=/bin/grep
ac_cv_path_SED=/bin/sed
ac_cv_path_install='/usr/bin/install -c'
ac_cv_path_lt_DD=/bin/dd
ac_cv_path_mkdir=/bin/mkdir
ac_cv_prog_AWK=mawk
ac_cv_prog_CPP='gcc -E'
ac_cv_prog_ac_ct_AR=ar
ac_cv_prog_ac_ct_CC=gcc
ac_cv_prog_ac_ct_MANIFEST_TOOL=mt
ac_cv_prog_ac_ct_OBJDUMP=objdump
ac_cv_prog_ac_ct_RANLIB=ranlib
ac_cv_prog_ac_ct_STRIP=strip
ac_cv_prog_cc_c89=
ac_cv_prog_cc_g=yes
ac_cv_prog_make_make_set=yes
ac_cv_search_gethostbyname='none required'
ac_cv_search_socket='none required'
ac_cv_sizeof_long=8
ac_cv_sizeof_long_long=8
ac_cv_sizeof_time_t=8
ac_cv_tls=__thread
ac_cv_type___uint128_t=yes
ac_cv_type_size_t=yes
ac_cv_vcs_checkout=no
ac_cv_vcs_system=none
ac_cv_warnings_as_errors=no
am_cv_CCAS_dependencies_compiler_type=gcc3
am_cv_CC_dependencies_compiler_type=gcc3
am_cv_make_support_nested_variables=yes
am_cv_prog_cc_c_o=yes
am_cv_prog_tar_ustar=gnutar
ax_cv_PTHREAD_CLANG=no
ax_cv_PTHREAD_JOINABLE_ATTR=PTHREAD_CREATE_JOINABLE
ax_cv_PTHREAD_PRIO_INHERIT=yes
ax_cv_PTHREAD_SPECIAL_FLAGS=no
ax_cv_check_cflags__Waddress=yes
ax_cv_check_cflags__Wall=yes
ax_cv_check_cflags__Warray_bounds=yes
ax_cv_check_cflags__Wbad_function_cast=yes
ax_cv_check_cflags__Wchar_subscripts=yes
ax_cv_check_cflags__Wcomment=yes
ax_cv_check_cflags__Wextra=yes
ax_cv_check_cflags__Wfloat_equal=yes
ax_cv_check_cflags__Wformat_2=yes
ax_cv_check_cflags__Wformat_security=yes
ax_cv_check_cflags__Wmaybe_uninitialized=yes
ax_cv_check_cflags__Wmissing_field_initializers=yes
ax_cv_check_cflags__Wmissing_noreturn=yes
ax_cv_check_cflags__Wmissing_prototypes=yes
ax_cv_check_cflags__Wnested_externs=yes
ax_cv_check_cflags__Wno_pragmas=yes
ax_cv_check_cflags__Wno_strict_aliasing=yes
ax_cv_check_cflags__Wnormalized_id=yes
ax_cv_check_cflags__Woverride_init=yes
ax_cv_check_cflags__Wpointer_arith=yes
ax_cv_check_cflags__Wpointer_sign=yes
ax_cv_check_cflags__Wredundant_decls=yes
ax_cv_check_cflags__Wshadow=yes
ax_cv_check_cflags__Wshorten_64_to_32=no
ax_cv_check_cflags__Wsign_compare=yes
ax_cv_check_cflags__Wstrict_overflow_1=yes
ax_cv_check_cflags__Wstrict_prototypes=no
ax_cv_check_cflags__Wswitch_enum=yes
ax_cv_check_cflags__Wthis_test_should_fail=no
ax_cv_check_cflags__Wundef=yes
ax_cv_check_cflags__Wunknown_pragmas=yes
ax_cv_check_cflags__Wunused=yes
ax_cv_check_cflags__Wunused_result=yes
ax_cv_check_cflags__Wunused_variable=yes
ax_cv_check_cflags__Wwrite_strings=yes
ax_cv_check_cflags___Werror=yes
ax_cv_check_cflags___param_ssp_buffer_size_1=yes
ax_cv_check_cflags__fwrapv=yes
ax_cv_check_ldflags___Werror=yes
ax_cv_check_ldflags__pie=yes
ax_cv_check_ldflags__z_relro__z_now=yes
gl_cv_cc_vis_werror=yes
gl_cv_cc_visibility=yes
lt_cv_ar_at_file=@
lt_cv_archive_cmds_need_lc=no
lt_cv_deplibs_check_method=pass_all
lt_cv_file_magic_cmd='$MAGIC_CMD'
lt_cv_file_magic_test_file=
lt_cv_ld_reload_flag=-r
lt_cv_nm_interface='BSD nm'
lt_cv_objdir=.libs
lt_cv_path_LD=/usr/bin/ld
lt_cv_path_NM='/usr/bin/nm -B'
lt_cv_path_mainfest_tool=no
lt_cv_prog_compiler_c_o=yes
lt_cv_prog_compiler_pic='-fPIC -DPIC'
lt_cv_prog_compiler_pic_works=yes
lt_cv_prog_compiler_rtti_exceptions=no
lt_cv_prog_compiler_static_works=yes
lt_cv_prog_gnu_ld=yes
lt_cv_sharedlib_from_linklib_cmd='printf %s\n'
lt_cv_shlibpath_overrides_runpath=yes
lt_cv_sys_global_symbol_pipe='sed -n -e '\''s/^.*[	 ]\([ABCDGIRSTW][ABCDGIRSTW]*\)[	 ][	 ]*\([_A-Za-z][_A-Za-z0-9]*\)$/\1 \2 \2/p'\'' | sed '\''/ __gnu_lto/d'\'''
lt_cv_sys_global_symbol_to_c_name_address='sed -n -e '\''s/^: \(.*\) .*$/  {"\1", (void *) 0},/p'\'' -e '\''s/^[ABCDGIRSTW][ABCDGIRSTW]* .* \(.*\)$/  {"\1", (void *) \&\1},/p'\'''
lt_cv_sys_global_symbol_to_c_name_address_lib_prefix='sed -n -e '\''s/^: \(.*\) .*$/  {"\1", (void *) 0},/p'\'' -e '\''s/^[ABCDGIRSTW][ABCDGIRSTW]* .* \(lib.*\)$/  {"\1", (void *) \&\1},/p'\'' -e '\''s/^[ABCDGIRSTW][ABCDGIRSTW]* .* \(.*\)$/  {"lib\1", (void *) \&\1},/p'\'''
lt_cv_sys_global_symbol_to_cdecl='sed -n -e '\''s/^T .* \(.*\)$/extern int \1();/p'\'' -e '\''s/^[ABCDGIRSTW][ABCDGIRSTW]* .* \(.*\)$/extern char \1;/p'\'''
lt_cv_sys_global_symbol_to_import=
lt_cv_sys_max_cmd_len=1572864
lt_cv_to_host_file_cmd=func_convert_file_noop
lt_cv_to_tool_file_cmd=func_convert_file_noop
lt_cv_truncate_bin='/bin/dd bs=4096 count=1'

## ----------------- ##
## Output variables. ##
## ----------------- ##

ACLOCAL='${SHELL} /home/tracking/trace/wolfssl-4.7.0/build-aux/missing aclocal-1.15'
AMDEPBACKSLASH='\'
AMDEP_FALSE='#'
AMDEP_TRUE=''
AMINCLUDE='aminclude.am'
AMTAR='$${TAR-tar}'
AM_BACKSLASH='\'
AM_CCASFLAGS=''
AM_CFLAGS='-DWOLFSSL_TLS13 -DHAVE_TLS_EXTENSIONS -DHAVE_SUPPORTED_CURVES -DHAVE_FFDHE_2048 -D_POSIX_THREADS  -fvisibility=hidden -DHAVE_THREAD_LS -DNDEBUG -pthread -DTFM_TIMING_RESISTANT -DECC_TIMING_RESISTANT -DWC_RSA_BLINDING -DWOLFSSL_SHA512 -DWOLFSSL_SHA384 -DHAVE_HKDF -DNO_DSA -DHAVE_ECC -DTFM_ECC256 -DECC_SHAMIR -DWC_RSA_PSS -DWOLFSSL_BASE64_ENCODE -DNO_RC4 -DNO_HC128 -DNO_RABBIT -DWOLFSSL_SHA224 -DWOLFSSL_SHA3 -DWOLFSSL_SHAKE256 -DHAVE_POLY1305 -DHAVE_ONE_TIME_AUTH -DHAVE_CHACHA -DHAVE_HASHDRBG -DHAVE_TLS_EXTENSIONS -DHAVE_SUPPORTED_CURVES -DHAVE_EXTENDED_MASTER -DNO_RC4 -DHAVE_ENCRYPT_THEN_MAC -DNO_PSK -DNO_MD4 -DNO_PWDBASED -DUSE_FAST_MATH -DWOLFSSL_X86_64_BUILD -DWC_NO_ASYNC_THREADING -DHAVE_DH_DEFAULT_PARAMS -DNO_DES3 -DGCM_TABLE_4BIT -DHAVE_AESGCM -Wall -Wno-unused -O2 -DHAVE___UINT128_T=1 -DHAVE_WC_INTROSPECTION'
AM_CPPFLAGS=''
AM_DEFAULT_V='$(AM_DEFAULT_VERBOSITY)'
AM_DEFAULT_VERBOSITY='0'
AM_LDFLAGS=''
AM_V='$(V)'
AR='ar'
AS='as'
ASFLAGS_FPUSIMD_DISABLE=''
ASFLAGS_FPUSIMD_ENABLE=''
ASFLAGS_FPU_DISABLE_SIMD_ENABLE=''
ASFLAGS_FPU_ENABLE_SIMD_DISABLE=''
AUTOCONF='${SHELL} /home/tracking/trace/wolfssl-4.7.0/build-aux/missing autoconf'
AUTOHEADER='${SHELL} /home/tracking/trace/wolfssl-4.7.0/build-aux/missing autoheader'
AUTOMAKE='${SHELL} /home/tracking/trace/wolfssl-4.7.0/build-aux/missing automake-1.15'
AWK='mawk'
BUILD_AESCCM_FALSE=''
BUILD_AESCCM_TRUE='#'
BUILD_AESGCM_FALSE='#'
BUILD_AESGCM_TRUE=''
BUILD_AESNI_FALSE=''
BUILD_AESNI_TRUE='#'
BUILD_AES_FALSE='#'
BUILD_AES_TRUE=''
BUILD_AFALG_FALSE=''
BUILD_AFALG_TRUE='#'
BUILD_ALL_FALSE=''
BUILD_ALL_TRUE='#'
BUILD_ARMASM_FALSE=''
BUILD_ARMASM_TRUE='#'
BUILD_ASN_FALSE='#'
BUILD_ASN_TRUE=''
BUILD_ASYNCCRYPT_FALSE=''
BUILD_ASYNCCRYPT_TRUE='#'
BUILD_BLAKE2S_FALSE=''
BUILD_BLAKE2S_TRUE='#'
BUILD_BLAKE2_FALSE=''
BUILD_BLAKE2_TRUE='#'
BUILD_CAMELLIA_FALSE=''
BUILD_CAMELLIA_TRUE='#'
BUILD_CAVIUM_FALSE=''
BUILD_CAVIUM_TRUE='#'
BUILD_CAVIUM_V_FALSE=''
BUILD_CAVIUM_V_TRUE='#'
BUILD_CHACHA_FALSE='#'
BUILD_CHACHA_TRUE=''
BUILD_CMAC_FALSE=''
BUILD_CMAC_TRUE='#'
BUILD_CODING_FALSE='#'
BUILD_CODING_TRUE=''
BUILD_CRL_FALSE=''
BUILD_CRL_MONITOR_FALSE=''
BUILD_CRL_MONITOR_TRUE='#'
BUILD_CRL_TRUE='#'
BUILD_CRYPTOAUTHLIB_FALSE=''
BUILD_CRYPTOAUTHLIB_TRUE='#'
BUILD_CRYPTOCB_FALSE=''
BUILD_CRYPTOCB_TRUE='#'
BUILD_CRYPTONLY_FALSE=''
BUILD_CRYPTONLY_TRUE='#'
BUILD_CURVE25519_FALSE=''
BUILD_CURVE25519_SMALL_FALSE=''
BUILD_CURVE25519_SMALL_TRUE='#'
BUILD_CURVE25519_TRUE='#'
BUILD_CURVE448_FALSE=''
BUILD_CURVE448_SMALL_FALSE=''
BUILD_CURVE448_SMALL_TRUE='#'
BUILD_CURVE448_TRUE='#'
BUILD_DES3_FALSE=''
BUILD_DES3_TRUE='#'
BUILD_DEVCRYPTO_FALSE=''
BUILD_DEVCRYPTO_TRUE='#'
BUILD_DH_FALSE='#'
BUILD_DH_TRUE=''
BUILD_DISTRO_FALSE=''
BUILD_DISTRO_TRUE='#'
BUILD_DSA_FALSE=''
BUILD_DSA_TRUE='#'
BUILD_ECC_FALSE='#'
BUILD_ECC_TRUE=''
BUILD_ED25519_FALSE=''
BUILD_ED25519_SMALL_FALSE=''
BUILD_ED25519_SMALL_TRUE='#'
BUILD_ED25519_TRUE='#'
BUILD_ED448_FALSE=''
BUILD_ED448_SMALL_FALSE=''
BUILD_ED448_SMALL_TRUE='#'
BUILD_ED448_TRUE='#'
BUILD_EXAMPLE_CLIENTS_FALSE='#'
BUILD_EXAMPLE_CLIENTS_TRUE=''
BUILD_EXAMPLE_SERVERS_FALSE='#'
BUILD_EXAMPLE_SERVERS_TRUE=''
BUILD_FASTMATH_FALSE='#'
BUILD_FASTMATH_TRUE=''
BUILD_FAST_RSA_FALSE=''
BUILD_FAST_RSA_TRUE='#'
BUILD_FE448_FALSE=''
BUILD_FE448_TRUE='#'
BUILD_FEMATH_FALSE=''
BUILD_FEMATH_TRUE='#'
BUILD_FIPS_FALSE=''
BUILD_FIPS_RAND_FALSE=''
BUILD_FIPS_RAND_TRUE='#'
BUILD_FIPS_READY_FALSE=''
BUILD_FIPS_READY_TRUE='#'
BUILD_FIPS_TRUE='#'
BUILD_FIPS_V1_FALSE=''
BUILD_FIPS_V1_TRUE='#'
BUILD_FIPS_V2_FALSE=''
BUILD_FIPS_V2_TRUE='#'
BUILD_GE448_FALSE=''
BUILD_GE448_TRUE='#'
BUILD_GEMATH_FALSE=''
BUILD_GEMATH_TRUE='#'
BUILD_HASHFLAGS_FALSE=''
BUILD_HASHFLAGS_TRUE='#'
BUILD_HC128_FALSE=''
BUILD_HC128_TRUE='#'
BUILD_IDEA_FALSE=''
BUILD_IDEA_TRUE='#'
BUILD_INLINE_FALSE='#'
BUILD_INLINE_TRUE=''
BUILD_INTELASM_FALSE=''
BUILD_INTELASM_TRUE='#'
BUILD_INTEL_QA_FALSE=''
BUILD_INTEL_QA_SYNC_FALSE=''
BUILD_INTEL_QA_SYNC_TRUE='#'
BUILD_INTEL_QA_TRUE='#'
BUILD_IPV6_FALSE=''
BUILD_IPV6_TRUE='#'
BUILD_LEANPSK_FALSE=''
BUILD_LEANPSK_TRUE='#'
BUILD_LEANTLS_FALSE=''
BUILD_LEANTLS_TRUE='#'
BUILD_LIBZ_FALSE=''
BUILD_LIBZ_TRUE='#'
BUILD_LINUXKM_FALSE=''
BUILD_LINUXKM_TRUE='#'
BUILD_LOWMEM_FALSE=''
BUILD_LOWMEM_TRUE='#'
BUILD_MCAPI_FALSE=''
BUILD_MCAPI_TRUE='#'
BUILD_MCAST_FALSE=''
BUILD_MCAST_TRUE='#'
BUILD_MD2_FALSE=''
BUILD_MD2_TRUE='#'
BUILD_MD4_FALSE=''
BUILD_MD4_TRUE='#'
BUILD_MD5_FALSE='#'
BUILD_MD5_TRUE=''
BUILD_MEMORY_FALSE='#'
BUILD_MEMORY_TRUE=''
BUILD_NO_LIBRARY_FALSE=''
BUILD_NO_LIBRARY_TRUE='#'
BUILD_NTRU_FALSE=''
BUILD_NTRU_TRUE='#'
BUILD_OCSP_FALSE=''
BUILD_OCSP_STAPLING_FALSE=''
BUILD_OCSP_STAPLING_TRUE='#'
BUILD_OCSP_STAPLING_V2_FALSE=''
BUILD_OCSP_STAPLING_V2_TRUE='#'
BUILD_OCSP_TRUE='#'
BUILD_OCTEON_SYNC_FALSE=''
BUILD_OCTEON_SYNC_TRUE='#'
BUILD_PKCALLBACKS_FALSE=''
BUILD_PKCALLBACKS_TRUE='#'
BUILD_PKCS11_FALSE=''
BUILD_PKCS11_TRUE='#'
BUILD_PKCS12_FALSE='#'
BUILD_PKCS12_TRUE=''
BUILD_PKCS7_FALSE=''
BUILD_PKCS7_TRUE='#'
BUILD_PKI_FALSE='#'
BUILD_PKI_TRUE=''
BUILD_POLY1305_FALSE='#'
BUILD_POLY1305_TRUE=''
BUILD_PSK_FALSE=''
BUILD_PSK_TRUE='#'
BUILD_PWDBASED_FALSE=''
BUILD_PWDBASED_TRUE='#'
BUILD_RABBIT_FALSE=''
BUILD_RABBIT_TRUE='#'
BUILD_RC2_FALSE=''
BUILD_RC2_TRUE='#'
BUILD_RC4_FALSE=''
BUILD_RC4_TRUE='#'
BUILD_RIPEMD_FALSE=''
BUILD_RIPEMD_TRUE='#'
BUILD_RNG_FALSE='#'
BUILD_RNG_TRUE=''
BUILD_RSA_FALSE='#'
BUILD_RSA_TRUE=''
BUILD_SCRYPT_FALSE=''
BUILD_SCRYPT_TRUE='#'
BUILD_SCTP_FALSE=''
BUILD_SCTP_TRUE='#'
BUILD_SELFTEST_FALSE=''
BUILD_SELFTEST_TRUE='#'
BUILD_SHA224_FALSE='#'
BUILD_SHA224_TRUE=''
BUILD_SHA3_FALSE='#'
BUILD_SHA3_TRUE=''
BUILD_SHA512_FALSE='#'
BUILD_SHA512_TRUE=''
BUILD_SHA_FALSE='#'
BUILD_SHA_TRUE=''
BUILD_SLOWMATH_FALSE=''
BUILD_SLOWMATH_TRUE='#'
BUILD_SMIME_FALSE=''
BUILD_SMIME_TRUE='#'
BUILD_SNIFFER_FALSE=''
BUILD_SNIFFER_TRUE='#'
BUILD_SNIFFTEST_FALSE=''
BUILD_SNIFFTEST_TRUE='#'
BUILD_SP_ARM32_FALSE=''
BUILD_SP_ARM32_TRUE='#'
BUILD_SP_ARM64_FALSE=''
BUILD_SP_ARM64_TRUE='#'
BUILD_SP_ARM_CORTEX_FALSE=''
BUILD_SP_ARM_CORTEX_TRUE='#'
BUILD_SP_ARM_THUMB_FALSE=''
BUILD_SP_ARM_THUMB_TRUE='#'
BUILD_SP_C_FALSE=''
BUILD_SP_C_TRUE='#'
BUILD_SP_FALSE=''
BUILD_SP_INT_FALSE=''
BUILD_SP_INT_TRUE='#'
BUILD_SP_TRUE='#'
BUILD_SP_X86_64_FALSE=''
BUILD_SP_X86_64_TRUE='#'
BUILD_SRP_FALSE=''
BUILD_SRP_TRUE='#'
BUILD_TESTS_FALSE='#'
BUILD_TESTS_TRUE=''
BUILD_THREADED_EXAMPLES_FALSE='#'
BUILD_THREADED_EXAMPLES_TRUE=''
BUILD_TLS13_FALSE='#'
BUILD_TLS13_TRUE=''
BUILD_TRUST_PEER_CERT_FALSE=''
BUILD_TRUST_PEER_CERT_TRUE='#'
BUILD_USER_CRYPTO_FALSE=''
BUILD_USER_CRYPTO_TRUE='#'
BUILD_USER_RSA_FALSE=''
BUILD_USER_RSA_TRUE='#'
BUILD_WNR_FALSE=''
BUILD_WNR_TRUE='#'
BUILD_WOLFCRYPT_TESTS_FALSE='#'
BUILD_WOLFCRYPT_TESTS_TRUE=''
BUILD_WOLFEVENT_FALSE=''
BUILD_WOLFEVENT_TRUE='#'
BUILD_XCHACHA_FALSE=''
BUILD_XCHACHA_TRUE='#'
BUILD_XILINX_FALSE=''
BUILD_XILINX_TRUE='#'
CC='gcc'
CCAS='gcc'
CCASDEPMODE='depmode=gcc3'
CCASFLAGS='  '
CCDEPMODE='depmode=gcc3'
CFLAGS='   -Wno-pragmas -Wall -Wno-strict-aliasing -Wextra -Wunknown-pragmas --param=ssp-buffer-size=1 -Waddress -Warray-bounds -Wbad-function-cast -Wchar-subscripts -Wcomment -Wfloat-equal -Wformat-security -Wformat=2 -Wmaybe-uninitialized -Wmissing-field-initializers -Wmissing-noreturn -Wmissing-prototypes -Wnested-externs -Wnormalized=id -Woverride-init -Wpointer-arith -Wpointer-sign -Wredundant-decls -Wshadow -Wsign-compare -Wstrict-overflow=1 -Wswitch-enum -Wundef -Wunused -Wunused-result -Wunused-variable -Wwrite-strings -fwrapv'
CFLAGS_AUTO_VECTORIZE_DISABLE=''
CFLAGS_AUTO_VECTORIZE_ENABLE=''
CFLAGS_FPU_DISABLE=''
CFLAGS_FPU_ENABLE=''
CFLAGS_SIMD_DISABLE=''
CFLAGS_SIMD_ENABLE=''
CFLAG_VISIBILITY='-fvisibility=hidden'
CPP='gcc -E'
CPPFLAGS=''
CYGPATH_W='echo'
DEBUG_FALSE=''
DEBUG_TRUE='#'
DEFS='-DHAVE_CONFIG_H'
DEPDIR='.deps'
DLLTOOL='false'
DSYMUTIL=''
DUMPBIN=''
ECHO_C=''
ECHO_N='-n'
ECHO_T=''
EGREP='/bin/grep -E'
ENABLED_ASM='yes'
ENABLED_CRYPT_TESTS='yes'
EXEEXT=''
FGREP='/bin/grep -F'
GENERIC_CONFIG='wolfssl-config'
GREP='/bin/grep'
HAVE_OPENSSL_CMD=''
HAVE_VALGRIND=''
HAVE_VISIBILITY='1'
HEX_VERSION='0x04007000'
INC_AMINCLUDE='include $(top_builddir)/aminclude.am'
INSTALL_DATA='${INSTALL} -m 644'
INSTALL_PROGRAM='${INSTALL}'
INSTALL_SCRIPT='${INSTALL}'
INSTALL_STRIP_PROGRAM='$(install_sh) -c -s'
IPPHEADERS=''
IPPLIBS=''
IPPLINK=''
IS_VCS_CHECKOUT_FALSE=''
IS_VCS_CHECKOUT_TRUE='#'
KERNEL_ARCH=''
KERNEL_ROOT=''
LD='/usr/bin/ld -m elf_x86_64'
LDFLAGS=''
LIBM='-lm'
LIBOBJS=''
LIBS=' '
LIBTOOL='$(SHELL) $(top_builddir)/libtool'
LIB_ADD=''
LIB_STATIC_ADD=''
LIPO=''
LN_S='ln -s'
LTLIBOBJS=''
LT_SYS_LIBRARY_PATH=''
MAKEINFO='${SHELL} /home/tracking/trace/wolfssl-4.7.0/build-aux/missing makeinfo'
MANIFEST_TOOL=':'
MCHECK=''
MKDIR_P='/bin/mkdir -p'
NM='/usr/bin/nm -B'
NMEDIT=''
OBJDUMP='objdump'
OBJEXT='o'
OTOOL64=''
OTOOL=''
PACKAGE='wolfssl'
PACKAGE_BUGREPORT='https://github.com/wolfssl/wolfssl/issues'
PACKAGE_NAME='wolfssl'
PACKAGE_STRING='wolfssl 4.7.0'
PACKAGE_TARNAME='wolfssl'
PACKAGE_URL='https://www.wolfssl.com'
PACKAGE_VERSION='4.7.0'
PATH_SEPARATOR=':'
PTHREAD_CC='gcc'
PTHREAD_CFLAGS='-pthread'
PTHREAD_LIBS=''
RANLIB='ranlib'
SED='/bin/sed'
SET_MAKE=''
SHELL='/bin/bash'
STRIP='strip'
USE_VALGRIND_FALSE=''
USE_VALGRIND_TRUE='#'
VERSION='4.7.0'
WOLFSSL_LIBRARY_VERSION='28:0:4'
ac_ct_AR='ar'
ac_ct_CC='gcc'
ac_ct_DUMPBIN=''
am__EXEEXT_FALSE=''
am__EXEEXT_TRUE='#'
am__fastdepCCAS_FALSE='#'
am__fastdepCCAS_TRUE=''
am__fastdepCC_FALSE='#'
am__fastdepCC_TRUE=''
am__include='include'
am__isrc=''
am__leading_dot='.'
am__nodep='_no'
am__quote=''
am__tar='tar --format=ustar -chf - "$$tardir"'
am__untar='tar -xf -'
ax_pthread_config=''
bindir='${exec_prefix}/bin'
build='x86_64-pc-linux-gnu'
build_alias=''
build_cpu='x86_64'
build_os='linux-gnu'
build_vendor='pc'
datadir='${datarootdir}'
datarootdir='${prefix}/share'
docdir='${datarootdir}/doc/${PACKAGE_TARNAME}'
dvidir='${docdir}'
exec_prefix='${prefix}'
host='x86_64-pc-linux-gnu'
host_alias=''
host_cpu='x86_64'
host_os='linux-gnu'
host_vendor='pc'
htmldir='${docdir}'
includedir='${prefix}/include'
infodir='${datarootdir}/info'
install_sh='${SHELL} /home/tracking/trace/wolfssl-4.7.0/build-aux/install-sh'
libdir='${exec_prefix}/lib'
libexecdir='${exec_prefix}/libexec'
localedir='${datarootdir}/locale'
localstatedir='${prefix}/var'
mandir='${datarootdir}/man'
mkdir_p='$(MKDIR_P)'
oldincludedir='/usr/include'
pdfdir='${docdir}'
prefix='/usr/local'
program_transform_name='s,x,x,'
psdir='${docdir}'
runstatedir='${localstatedir}/run'
sbindir='${exec_prefix}/sbin'
sharedstatedir='${prefix}/com'
sysconfdir='${prefix}/etc'
target_alias=''

## ----------- ##
## confdefs.h. ##
## ----------- ##

/* confdefs.h */
#define PACKAGE_NAME "wolfssl"
#define PACKAGE_TARNAME "wolfssl"
#define PACKAGE_VERSION "4.7.0"
#define PACKAGE_STRING "wolfssl 4.7.0"
#define PACKAGE_BUGREPORT "https://github.com/wolfssl/wolfssl/issues"
#define PACKAGE_URL "https://www.wolfssl.com"
#define STDC_HEADERS 1
#define HAVE_SYS_TYPES_H 1
#define HAVE_SYS_STAT_H 1
#define HAVE_STDLIB_H 1
#define HAVE_STRING_H 1
#define HAVE_MEMORY_H 1
#define HAVE_STRINGS_H 1
#define HAVE_INTTYPES_H 1
#define HAVE_STDINT_H 1
#define HAVE_UNISTD_H 1
#define HAVE_DLFCN_H 1
#define LT_OBJDIR ".libs/"
#define HAVE_VISIBILITY 1
#define SIZEOF_LONG_LONG 8
#define SIZEOF_LONG 8
#define SIZEOF_TIME_T 8
#define HAVE___UINT128_T 1
#define HAVE_ARPA_INET_H 1
#define HAVE_FCNTL_H 1
#define HAVE_LIMITS_H 1
#define HAVE_NETDB_H 1
#define HAVE_NETINET_IN_H 1
#define HAVE_STDDEF_H 1
#define HAVE_TIME_H 1
#define HAVE_SYS_IOCTL_H 1
#define HAVE_SYS_SOCKET_H 1
#define HAVE_SYS_TIME_H 1
#define HAVE_ERRNO_H 1
#define HAVE_GETHOSTBYNAME 1
#define HAVE_GETADDRINFO 1
#define HAVE_GETTIMEOFDAY 1
#define HAVE_GMTIME_R 1
#define HAVE_INET_NTOA 1
#define HAVE_MEMSET 1
#define HAVE_SOCKET 1
#define HAVE_STRFTIME 1
#define HAVE_DECL_GETHOSTBYNAME 1
#define HAVE_DECL_GETADDRINFO 1
#define HAVE_DECL_GETTIMEOFDAY 1
#define HAVE_DECL_GMTIME_R 1
#define HAVE_DECL_INET_NTOA 1
#define HAVE_DECL_MEMSET 1
#define HAVE_DECL_SOCKET 1
#define HAVE_DECL_STRFTIME 1
#define TLS __thread
#define DEBUG 0
#define HAVE_PTHREAD_PRIO_INHERIT 1
#define HAVE_PTHREAD 1
#define BUILD_USER_RSA /**/
#define VCS_SYSTEM "none"
#define VCS_CHECKOUT 0

configure: exit 0
