PING www.google.com (172.217.161.132) 56(84) bytes of data.
64 bytes from hkg12s17-in-f4.1e100.net (172.217.161.132): icmp_seq=1 ttl=128 time=45.2 ms
64 bytes from hkg12s17-in-f4.1e100.net (172.217.161.132): icmp_seq=2 ttl=128 time=44.8 ms

--- www.google.com ping statistics ---
2 packets transmitted, 2 received, 0% packet loss, time 1001ms
rtt min/avg/max/mdev = 44.846/45.033/45.220/0.187 ms
SSL version is TLSv1.2
SSL cipher suite is TLS_ECDHE_RSA_WITH_AES_128_GCM_SHA256
SSL curve name is SECP256R1
SSL connect ok, sending GET...
HTTP/1.0 200 OK
Date: Tue, 11 May 2021 03:53:29 GMT
Expires: -1
Cache-Control: private, max-age=0
Content-Type: text/html; charset=ISO-8859-1
P3P: CP="This is not a P3P policy! See g.co/p3phelp for more info."
Server: gws
X-XSS-Protection: 0
X-Fra
PASS scripts/google.test (exit status: 0)
